  [1m[35m (1.8ms)[0m  [1m[34mSELECT "schema_migrations"."version" FROM "schema_migrations" ORDER BY "schema_migrations"."version" ASC[0m
  [1m[35m (1.1ms)[0m  [1m[34mSELECT "schema_migrations"."version" FROM "schema_migrations" ORDER BY "schema_migrations"."version" ASC[0m
  [1m[35m (0.6ms)[0m  [1m[34mSELECT "ar_internal_metadata"."value" FROM "ar_internal_metadata" WHERE "ar_internal_metadata"."key" = $1[0m  [["key", "environment"]]
  [1m[35m (0.3ms)[0m  [1m[34mSELECT "schema_migrations"."version" FROM "schema_migrations" ORDER BY "schema_migrations"."version" ASC[0m
  [1m[35m (0.2ms)[0m  [1m[34mSELECT "ar_internal_metadata"."value" FROM "ar_internal_metadata" WHERE "ar_internal_metadata"."key" = $1[0m  [["key", "environment"]]
  [1m[35m (0.4ms)[0m  [1m[34mSELECT "schema_migrations"."version" FROM "schema_migrations" ORDER BY "schema_migrations"."version" ASC[0m
  [1m[35m (0.2ms)[0m  [1m[34mSELECT "ar_internal_metadata"."value" FROM "ar_internal_metadata" WHERE "ar_internal_metadata"."key" = $1[0m  [["key", "environment"]]
  [1m[35m (39.8ms)[0m  [1m[35mDROP DATABASE IF EXISTS "movie_buff_test"[0m
  [1m[35m (184.4ms)[0m  [1m[35mCREATE DATABASE "movie_buff_test" ENCODING = 'unicode'[0m
  [1m[35mSQL (0.7ms)[0m  [1m[35mCREATE EXTENSION IF NOT EXISTS "plpgsql"[0m
  [1m[35m (0.7ms)[0m  [1m[35mDROP TABLE IF EXISTS "actors" CASCADE[0m
  [1m[35m (13.9ms)[0m  [1m[35mCREATE TABLE "actors" ("id" bigserial primary key, "name" character varying NOT NULL)[0m
  [1m[35m (3.3ms)[0m  [1m[35mCREATE  INDEX  "index_actors_on_name" ON "actors"  ("name")[0m
  [1m[35m (0.4ms)[0m  [1m[35mDROP TABLE IF EXISTS "castings" CASCADE[0m
  [1m[35m (4.6ms)[0m  [1m[35mCREATE TABLE "castings" ("id" bigserial primary key, "actor_id" integer NOT NULL, "movie_id" integer NOT NULL, "ord" integer NOT NULL)[0m
  [1m[35m (2.4ms)[0m  [1m[35mCREATE UNIQUE INDEX  "index_castings_on_actor_id_and_movie_id" ON "castings"  ("actor_id", "movie_id")[0m
  [1m[35m (2.2ms)[0m  [1m[35mCREATE  INDEX  "index_castings_on_actor_id" ON "castings"  ("actor_id")[0m
  [1m[35m (1.9ms)[0m  [1m[35mCREATE  INDEX  "index_castings_on_movie_id" ON "castings"  ("movie_id")[0m
  [1m[35m (0.5ms)[0m  [1m[35mDROP TABLE IF EXISTS "movies" CASCADE[0m
  [1m[35m (7.7ms)[0m  [1m[35mCREATE TABLE "movies" ("id" bigserial primary key, "title" character varying NOT NULL, "yr" integer NOT NULL, "score" float NOT NULL, "votes" integer NOT NULL, "director_id" integer NOT NULL)[0m
  [1m[35m (5.6ms)[0m  [1m[35mCREATE  INDEX  "index_movies_on_director_id" ON "movies"  ("director_id")[0m
  [1m[35m (1.9ms)[0m  [1m[35mCREATE  INDEX  "index_movies_on_title" ON "movies"  ("title")[0m
  [1m[35m (5.1ms)[0m  [1m[35mCREATE TABLE "schema_migrations" ("version" character varying NOT NULL PRIMARY KEY)[0m
  [1m[35m (1.1ms)[0m  [1m[34mSELECT "schema_migrations"."version" FROM "schema_migrations" ORDER BY "schema_migrations"."version" ASC[0m
  [1m[35m (1.2ms)[0m  [1m[32mINSERT INTO "schema_migrations" (version) VALUES (20170711160807)[0m
  [1m[35m (5.8ms)[0m  [1m[35mCREATE TABLE "ar_internal_metadata" ("key" character varying NOT NULL PRIMARY KEY, "value" character varying, "created_at" timestamp NOT NULL, "updated_at" timestamp NOT NULL)[0m
  [1m[36mActiveRecord::InternalMetadata Load (0.7ms)[0m  [1m[34mSELECT  "ar_internal_metadata".* FROM "ar_internal_metadata" WHERE "ar_internal_metadata"."key" = $1 LIMIT $2[0m  [["key", "environment"], ["LIMIT", 1]]
  [1m[35m (0.3ms)[0m  [1m[35mBEGIN[0m
  [1m[35mSQL (1.0ms)[0m  [1m[32mINSERT INTO "ar_internal_metadata" ("key", "value", "created_at", "updated_at") VALUES ($1, $2, $3, $4) RETURNING "key"[0m  [["key", "environment"], ["value", "development"], ["created_at", "2020-12-21 18:51:22.846567"], ["updated_at", "2020-12-21 18:51:22.846567"]]
  [1m[35m (0.7ms)[0m  [1m[35mCOMMIT[0m
  [1m[36mActiveRecord::InternalMetadata Load (0.5ms)[0m  [1m[34mSELECT  "ar_internal_metadata".* FROM "ar_internal_metadata" WHERE "ar_internal_metadata"."key" = $1 LIMIT $2[0m  [["key", "environment"], ["LIMIT", 1]]
  [1m[35m (0.3ms)[0m  [1m[35mBEGIN[0m
  [1m[35mSQL (0.8ms)[0m  [1m[33mUPDATE "ar_internal_metadata" SET "value" = $1, "updated_at" = $2 WHERE "ar_internal_metadata"."key" = $3[0m  [["value", "test"], ["updated_at", "2020-12-21 18:51:22.854847"], ["key", "environment"]]
  [1m[35m (0.6ms)[0m  [1m[35mCOMMIT[0m
  [1m[35m (1.8ms)[0m  [1m[34mSELECT "schema_migrations"."version" FROM "schema_migrations" ORDER BY "schema_migrations"."version" ASC[0m
  [1m[35m (0.3ms)[0m  [1m[35mBEGIN[0m
  [1m[36mMovie Load (1.9ms)[0m  [1m[34mSELECT id, title FROM "movies" WHERE (score < 2)[0m
  [1m[35m (0.4ms)[0m  [1m[31mROLLBACK[0m
  [1m[35m (0.1ms)[0m  [1m[35mBEGIN[0m
  [1m[36mMovie Load (0.7ms)[0m  [1m[34mSELECT id, title FROM "movies" WHERE (score < 2)[0m
  [1m[35m (0.2ms)[0m  [1m[31mROLLBACK[0m
  [1m[35m (0.7ms)[0m  [1m[34mSELECT "schema_migrations"."version" FROM "schema_migrations" ORDER BY "schema_migrations"."version" ASC[0m
  [1m[35m (1.5ms)[0m  [1m[34mSELECT "schema_migrations"."version" FROM "schema_migrations" ORDER BY "schema_migrations"."version" ASC[0m
  [1m[35m (0.7ms)[0m  [1m[34mSELECT "ar_internal_metadata"."value" FROM "ar_internal_metadata" WHERE "ar_internal_metadata"."key" = $1[0m  [["key", "environment"]]
  [1m[35m (0.4ms)[0m  [1m[34mSELECT "schema_migrations"."version" FROM "schema_migrations" ORDER BY "schema_migrations"."version" ASC[0m
  [1m[35m (0.3ms)[0m  [1m[34mSELECT "ar_internal_metadata"."value" FROM "ar_internal_metadata" WHERE "ar_internal_metadata"."key" = $1[0m  [["key", "environment"]]
  [1m[35m (0.3ms)[0m  [1m[34mSELECT "schema_migrations"."version" FROM "schema_migrations" ORDER BY "schema_migrations"."version" ASC[0m
  [1m[35m (0.3ms)[0m  [1m[34mSELECT "ar_internal_metadata"."value" FROM "ar_internal_metadata" WHERE "ar_internal_metadata"."key" = $1[0m  [["key", "environment"]]
  [1m[35m (34.8ms)[0m  [1m[35mDROP DATABASE IF EXISTS "movie_buff_test"[0m
  [1m[35m (122.0ms)[0m  [1m[35mCREATE DATABASE "movie_buff_test" ENCODING = 'unicode'[0m
  [1m[35mSQL (1.8ms)[0m  [1m[35mCREATE EXTENSION IF NOT EXISTS "plpgsql"[0m
  [1m[35m (0.8ms)[0m  [1m[35mDROP TABLE IF EXISTS "actors" CASCADE[0m
  [1m[35m (26.1ms)[0m  [1m[35mCREATE TABLE "actors" ("id" bigserial primary key, "name" character varying NOT NULL)[0m
  [1m[35m (4.1ms)[0m  [1m[35mCREATE  INDEX  "index_actors_on_name" ON "actors"  ("name")[0m
  [1m[35m (0.7ms)[0m  [1m[35mDROP TABLE IF EXISTS "castings" CASCADE[0m
  [1m[35m (10.5ms)[0m  [1m[35mCREATE TABLE "castings" ("id" bigserial primary key, "actor_id" integer NOT NULL, "movie_id" integer NOT NULL, "ord" integer NOT NULL)[0m
  [1m[35m (4.7ms)[0m  [1m[35mCREATE UNIQUE INDEX  "index_castings_on_actor_id_and_movie_id" ON "castings"  ("actor_id", "movie_id")[0m
  [1m[35m (4.5ms)[0m  [1m[35mCREATE  INDEX  "index_castings_on_actor_id" ON "castings"  ("actor_id")[0m
  [1m[35m (2.7ms)[0m  [1m[35mCREATE  INDEX  "index_castings_on_movie_id" ON "castings"  ("movie_id")[0m
  [1m[35m (0.4ms)[0m  [1m[35mDROP TABLE IF EXISTS "movies" CASCADE[0m
  [1m[35m (8.6ms)[0m  [1m[35mCREATE TABLE "movies" ("id" bigserial primary key, "title" character varying NOT NULL, "yr" integer NOT NULL, "score" float NOT NULL, "votes" integer NOT NULL, "director_id" integer NOT NULL)[0m
  [1m[35m (5.2ms)[0m  [1m[35mCREATE  INDEX  "index_movies_on_director_id" ON "movies"  ("director_id")[0m
  [1m[35m (5.5ms)[0m  [1m[35mCREATE  INDEX  "index_movies_on_title" ON "movies"  ("title")[0m
  [1m[35m (7.3ms)[0m  [1m[35mCREATE TABLE "schema_migrations" ("version" character varying NOT NULL PRIMARY KEY)[0m
  [1m[35m (1.3ms)[0m  [1m[34mSELECT "schema_migrations"."version" FROM "schema_migrations" ORDER BY "schema_migrations"."version" ASC[0m
  [1m[35m (1.3ms)[0m  [1m[32mINSERT INTO "schema_migrations" (version) VALUES (20170711160807)[0m
  [1m[35m (5.3ms)[0m  [1m[35mCREATE TABLE "ar_internal_metadata" ("key" character varying NOT NULL PRIMARY KEY, "value" character varying, "created_at" timestamp NOT NULL, "updated_at" timestamp NOT NULL)[0m
  [1m[36mActiveRecord::InternalMetadata Load (0.5ms)[0m  [1m[34mSELECT  "ar_internal_metadata".* FROM "ar_internal_metadata" WHERE "ar_internal_metadata"."key" = $1 LIMIT $2[0m  [["key", "environment"], ["LIMIT", 1]]
  [1m[35m (0.4ms)[0m  [1m[35mBEGIN[0m
  [1m[35mSQL (1.4ms)[0m  [1m[32mINSERT INTO "ar_internal_metadata" ("key", "value", "created_at", "updated_at") VALUES ($1, $2, $3, $4) RETURNING "key"[0m  [["key", "environment"], ["value", "development"], ["created_at", "2020-12-21 18:53:40.115136"], ["updated_at", "2020-12-21 18:53:40.115136"]]
  [1m[35m (0.6ms)[0m  [1m[35mCOMMIT[0m
  [1m[36mActiveRecord::InternalMetadata Load (0.4ms)[0m  [1m[34mSELECT  "ar_internal_metadata".* FROM "ar_internal_metadata" WHERE "ar_internal_metadata"."key" = $1 LIMIT $2[0m  [["key", "environment"], ["LIMIT", 1]]
  [1m[35m (0.2ms)[0m  [1m[35mBEGIN[0m
  [1m[35mSQL (0.7ms)[0m  [1m[33mUPDATE "ar_internal_metadata" SET "value" = $1, "updated_at" = $2 WHERE "ar_internal_metadata"."key" = $3[0m  [["value", "test"], ["updated_at", "2020-12-21 18:53:40.122860"], ["key", "environment"]]
  [1m[35m (0.5ms)[0m  [1m[35mCOMMIT[0m
  [1m[35m (1.5ms)[0m  [1m[34mSELECT "schema_migrations"."version" FROM "schema_migrations" ORDER BY "schema_migrations"."version" ASC[0m
  [1m[35m (0.4ms)[0m  [1m[35mBEGIN[0m
  [1m[36mMovie Load (1.0ms)[0m  [1m[34mSELECT movies.id, title.id, score.id FROM "movies"[0m
  [1m[35m (0.1ms)[0m  [1m[31mROLLBACK[0m
  [1m[35m (0.1ms)[0m  [1m[35mBEGIN[0m
  [1m[36mMovie Load (0.3ms)[0m  [1m[34mSELECT movies.id, title.id, score.id FROM "movies"[0m
  [1m[35m (0.1ms)[0m  [1m[31mROLLBACK[0m
  [1m[35m (1.5ms)[0m  [1m[34mSELECT "schema_migrations"."version" FROM "schema_migrations" ORDER BY "schema_migrations"."version" ASC[0m
  [1m[35m (1.3ms)[0m  [1m[34mSELECT "schema_migrations"."version" FROM "schema_migrations" ORDER BY "schema_migrations"."version" ASC[0m
  [1m[35m (0.4ms)[0m  [1m[34mSELECT "ar_internal_metadata"."value" FROM "ar_internal_metadata" WHERE "ar_internal_metadata"."key" = $1[0m  [["key", "environment"]]
  [1m[35m (0.2ms)[0m  [1m[34mSELECT "schema_migrations"."version" FROM "schema_migrations" ORDER BY "schema_migrations"."version" ASC[0m
  [1m[35m (0.1ms)[0m  [1m[34mSELECT "ar_internal_metadata"."value" FROM "ar_internal_metadata" WHERE "ar_internal_metadata"."key" = $1[0m  [["key", "environment"]]
  [1m[35m (0.2ms)[0m  [1m[34mSELECT "schema_migrations"."version" FROM "schema_migrations" ORDER BY "schema_migrations"."version" ASC[0m
  [1m[35m (0.1ms)[0m  [1m[34mSELECT "ar_internal_metadata"."value" FROM "ar_internal_metadata" WHERE "ar_internal_metadata"."key" = $1[0m  [["key", "environment"]]
  [1m[35m (33.6ms)[0m  [1m[35mDROP DATABASE IF EXISTS "movie_buff_test"[0m
  [1m[35m (83.4ms)[0m  [1m[35mCREATE DATABASE "movie_buff_test" ENCODING = 'unicode'[0m
  [1m[35mSQL (0.9ms)[0m  [1m[35mCREATE EXTENSION IF NOT EXISTS "plpgsql"[0m
  [1m[35m (0.9ms)[0m  [1m[35mDROP TABLE IF EXISTS "actors" CASCADE[0m
  [1m[35m (16.0ms)[0m  [1m[35mCREATE TABLE "actors" ("id" bigserial primary key, "name" character varying NOT NULL)[0m
  [1m[35m (4.7ms)[0m  [1m[35mCREATE  INDEX  "index_actors_on_name" ON "actors"  ("name")[0m
  [1m[35m (0.6ms)[0m  [1m[35mDROP TABLE IF EXISTS "castings" CASCADE[0m
  [1m[35m (5.3ms)[0m  [1m[35mCREATE TABLE "castings" ("id" bigserial primary key, "actor_id" integer NOT NULL, "movie_id" integer NOT NULL, "ord" integer NOT NULL)[0m
  [1m[35m (5.4ms)[0m  [1m[35mCREATE UNIQUE INDEX  "index_castings_on_actor_id_and_movie_id" ON "castings"  ("actor_id", "movie_id")[0m
  [1m[35m (5.3ms)[0m  [1m[35mCREATE  INDEX  "index_castings_on_actor_id" ON "castings"  ("actor_id")[0m
  [1m[35m (3.6ms)[0m  [1m[35mCREATE  INDEX  "index_castings_on_movie_id" ON "castings"  ("movie_id")[0m
  [1m[35m (0.7ms)[0m  [1m[35mDROP TABLE IF EXISTS "movies" CASCADE[0m
  [1m[35m (12.7ms)[0m  [1m[35mCREATE TABLE "movies" ("id" bigserial primary key, "title" character varying NOT NULL, "yr" integer NOT NULL, "score" float NOT NULL, "votes" integer NOT NULL, "director_id" integer NOT NULL)[0m
  [1m[35m (2.3ms)[0m  [1m[35mCREATE  INDEX  "index_movies_on_director_id" ON "movies"  ("director_id")[0m
  [1m[35m (1.9ms)[0m  [1m[35mCREATE  INDEX  "index_movies_on_title" ON "movies"  ("title")[0m
  [1m[35m (7.0ms)[0m  [1m[35mCREATE TABLE "schema_migrations" ("version" character varying NOT NULL PRIMARY KEY)[0m
  [1m[35m (1.0ms)[0m  [1m[34mSELECT "schema_migrations"."version" FROM "schema_migrations" ORDER BY "schema_migrations"."version" ASC[0m
  [1m[35m (0.9ms)[0m  [1m[32mINSERT INTO "schema_migrations" (version) VALUES (20170711160807)[0m
  [1m[35m (4.9ms)[0m  [1m[35mCREATE TABLE "ar_internal_metadata" ("key" character varying NOT NULL PRIMARY KEY, "value" character varying, "created_at" timestamp NOT NULL, "updated_at" timestamp NOT NULL)[0m
  [1m[36mActiveRecord::InternalMetadata Load (0.5ms)[0m  [1m[34mSELECT  "ar_internal_metadata".* FROM "ar_internal_metadata" WHERE "ar_internal_metadata"."key" = $1 LIMIT $2[0m  [["key", "environment"], ["LIMIT", 1]]
  [1m[35m (0.2ms)[0m  [1m[35mBEGIN[0m
  [1m[35mSQL (0.6ms)[0m  [1m[32mINSERT INTO "ar_internal_metadata" ("key", "value", "created_at", "updated_at") VALUES ($1, $2, $3, $4) RETURNING "key"[0m  [["key", "environment"], ["value", "development"], ["created_at", "2020-12-21 18:54:09.211852"], ["updated_at", "2020-12-21 18:54:09.211852"]]
  [1m[35m (0.6ms)[0m  [1m[35mCOMMIT[0m
  [1m[36mActiveRecord::InternalMetadata Load (0.3ms)[0m  [1m[34mSELECT  "ar_internal_metadata".* FROM "ar_internal_metadata" WHERE "ar_internal_metadata"."key" = $1 LIMIT $2[0m  [["key", "environment"], ["LIMIT", 1]]
  [1m[35m (0.2ms)[0m  [1m[35mBEGIN[0m
  [1m[35mSQL (0.4ms)[0m  [1m[33mUPDATE "ar_internal_metadata" SET "value" = $1, "updated_at" = $2 WHERE "ar_internal_metadata"."key" = $3[0m  [["value", "test"], ["updated_at", "2020-12-21 18:54:09.217549"], ["key", "environment"]]
  [1m[35m (0.5ms)[0m  [1m[35mCOMMIT[0m
  [1m[35m (0.7ms)[0m  [1m[34mSELECT "schema_migrations"."version" FROM "schema_migrations" ORDER BY "schema_migrations"."version" ASC[0m
  [1m[35m (0.2ms)[0m  [1m[35mBEGIN[0m
  [1m[36mMovie Load (2.0ms)[0m  [1m[34mSELECT movies.id, movies.title, movies.score FROM "movies"[0m
  [1m[35m (0.2ms)[0m  [1m[31mROLLBACK[0m
  [1m[35m (0.1ms)[0m  [1m[35mBEGIN[0m
  [1m[36mMovie Load (2.1ms)[0m  [1m[34mSELECT movies.id, movies.title, movies.score FROM "movies"[0m
  [1m[35m (0.2ms)[0m  [1m[31mROLLBACK[0m
  [1m[35m (0.7ms)[0m  [1m[34mSELECT "schema_migrations"."version" FROM "schema_migrations" ORDER BY "schema_migrations"."version" ASC[0m
  [1m[35m (0.7ms)[0m  [1m[34mSELECT "schema_migrations"."version" FROM "schema_migrations" ORDER BY "schema_migrations"."version" ASC[0m
  [1m[35m (0.3ms)[0m  [1m[34mSELECT "ar_internal_metadata"."value" FROM "ar_internal_metadata" WHERE "ar_internal_metadata"."key" = $1[0m  [["key", "environment"]]
  [1m[35m (0.2ms)[0m  [1m[34mSELECT "schema_migrations"."version" FROM "schema_migrations" ORDER BY "schema_migrations"."version" ASC[0m
  [1m[35m (0.1ms)[0m  [1m[34mSELECT "ar_internal_metadata"."value" FROM "ar_internal_metadata" WHERE "ar_internal_metadata"."key" = $1[0m  [["key", "environment"]]
  [1m[35m (0.2ms)[0m  [1m[34mSELECT "schema_migrations"."version" FROM "schema_migrations" ORDER BY "schema_migrations"."version" ASC[0m
  [1m[35m (0.2ms)[0m  [1m[34mSELECT "ar_internal_metadata"."value" FROM "ar_internal_metadata" WHERE "ar_internal_metadata"."key" = $1[0m  [["key", "environment"]]
  [1m[35m (35.0ms)[0m  [1m[35mDROP DATABASE IF EXISTS "movie_buff_test"[0m
  [1m[35m (84.2ms)[0m  [1m[35mCREATE DATABASE "movie_buff_test" ENCODING = 'unicode'[0m
  [1m[35mSQL (1.7ms)[0m  [1m[35mCREATE EXTENSION IF NOT EXISTS "plpgsql"[0m
  [1m[35m (0.8ms)[0m  [1m[35mDROP TABLE IF EXISTS "actors" CASCADE[0m
  [1m[35m (20.0ms)[0m  [1m[35mCREATE TABLE "actors" ("id" bigserial primary key, "name" character varying NOT NULL)[0m
  [1m[35m (3.3ms)[0m  [1m[35mCREATE  INDEX  "index_actors_on_name" ON "actors"  ("name")[0m
  [1m[35m (0.4ms)[0m  [1m[35mDROP TABLE IF EXISTS "castings" CASCADE[0m
  [1m[35m (6.3ms)[0m  [1m[35mCREATE TABLE "castings" ("id" bigserial primary key, "actor_id" integer NOT NULL, "movie_id" integer NOT NULL, "ord" integer NOT NULL)[0m
  [1m[35m (2.6ms)[0m  [1m[35mCREATE UNIQUE INDEX  "index_castings_on_actor_id_and_movie_id" ON "castings"  ("actor_id", "movie_id")[0m
  [1m[35m (2.8ms)[0m  [1m[35mCREATE  INDEX  "index_castings_on_actor_id" ON "castings"  ("actor_id")[0m
  [1m[35m (1.8ms)[0m  [1m[35mCREATE  INDEX  "index_castings_on_movie_id" ON "castings"  ("movie_id")[0m
  [1m[35m (0.3ms)[0m  [1m[35mDROP TABLE IF EXISTS "movies" CASCADE[0m
  [1m[35m (8.5ms)[0m  [1m[35mCREATE TABLE "movies" ("id" bigserial primary key, "title" character varying NOT NULL, "yr" integer NOT NULL, "score" float NOT NULL, "votes" integer NOT NULL, "director_id" integer NOT NULL)[0m
  [1m[35m (3.9ms)[0m  [1m[35mCREATE  INDEX  "index_movies_on_director_id" ON "movies"  ("director_id")[0m
  [1m[35m (4.4ms)[0m  [1m[35mCREATE  INDEX  "index_movies_on_title" ON "movies"  ("title")[0m
  [1m[35m (9.9ms)[0m  [1m[35mCREATE TABLE "schema_migrations" ("version" character varying NOT NULL PRIMARY KEY)[0m
  [1m[35m (1.1ms)[0m  [1m[34mSELECT "schema_migrations"."version" FROM "schema_migrations" ORDER BY "schema_migrations"."version" ASC[0m
  [1m[35m (2.4ms)[0m  [1m[32mINSERT INTO "schema_migrations" (version) VALUES (20170711160807)[0m
  [1m[35m (11.3ms)[0m  [1m[35mCREATE TABLE "ar_internal_metadata" ("key" character varying NOT NULL PRIMARY KEY, "value" character varying, "created_at" timestamp NOT NULL, "updated_at" timestamp NOT NULL)[0m
  [1m[36mActiveRecord::InternalMetadata Load (0.7ms)[0m  [1m[34mSELECT  "ar_internal_metadata".* FROM "ar_internal_metadata" WHERE "ar_internal_metadata"."key" = $1 LIMIT $2[0m  [["key", "environment"], ["LIMIT", 1]]
  [1m[35m (0.4ms)[0m  [1m[35mBEGIN[0m
  [1m[35mSQL (0.7ms)[0m  [1m[32mINSERT INTO "ar_internal_metadata" ("key", "value", "created_at", "updated_at") VALUES ($1, $2, $3, $4) RETURNING "key"[0m  [["key", "environment"], ["value", "development"], ["created_at", "2020-12-21 18:54:30.809803"], ["updated_at", "2020-12-21 18:54:30.809803"]]
  [1m[35m (0.9ms)[0m  [1m[35mCOMMIT[0m
  [1m[36mActiveRecord::InternalMetadata Load (1.1ms)[0m  [1m[34mSELECT  "ar_internal_metadata".* FROM "ar_internal_metadata" WHERE "ar_internal_metadata"."key" = $1 LIMIT $2[0m  [["key", "environment"], ["LIMIT", 1]]
  [1m[35m (0.3ms)[0m  [1m[35mBEGIN[0m
  [1m[35mSQL (1.2ms)[0m  [1m[33mUPDATE "ar_internal_metadata" SET "value" = $1, "updated_at" = $2 WHERE "ar_internal_metadata"."key" = $3[0m  [["value", "test"], ["updated_at", "2020-12-21 18:54:30.819188"], ["key", "environment"]]
  [1m[35m (0.6ms)[0m  [1m[35mCOMMIT[0m
  [1m[35m (1.4ms)[0m  [1m[34mSELECT "schema_migrations"."version" FROM "schema_migrations" ORDER BY "schema_migrations"."version" ASC[0m
  [1m[35m (0.2ms)[0m  [1m[35mBEGIN[0m
  [1m[36mMovie Load (2.4ms)[0m  [1m[34mSELECT movies.id, movies.title, movies.score FROM "movies"[0m
  [1m[35m (0.3ms)[0m  [1m[31mROLLBACK[0m
  [1m[35m (0.4ms)[0m  [1m[35mBEGIN[0m
  [1m[36mMovie Load (1.9ms)[0m  [1m[34mSELECT movies.id, movies.title, movies.score FROM "movies"[0m
  [1m[35m (0.3ms)[0m  [1m[31mROLLBACK[0m
  [1m[35m (0.7ms)[0m  [1m[34mSELECT "schema_migrations"."version" FROM "schema_migrations" ORDER BY "schema_migrations"."version" ASC[0m
  [1m[35m (0.7ms)[0m  [1m[34mSELECT "schema_migrations"."version" FROM "schema_migrations" ORDER BY "schema_migrations"."version" ASC[0m
  [1m[35m (0.3ms)[0m  [1m[34mSELECT "ar_internal_metadata"."value" FROM "ar_internal_metadata" WHERE "ar_internal_metadata"."key" = $1[0m  [["key", "environment"]]
  [1m[35m (0.2ms)[0m  [1m[34mSELECT "schema_migrations"."version" FROM "schema_migrations" ORDER BY "schema_migrations"."version" ASC[0m
  [1m[35m (0.1ms)[0m  [1m[34mSELECT "ar_internal_metadata"."value" FROM "ar_internal_metadata" WHERE "ar_internal_metadata"."key" = $1[0m  [["key", "environment"]]
  [1m[35m (0.3ms)[0m  [1m[34mSELECT "schema_migrations"."version" FROM "schema_migrations" ORDER BY "schema_migrations"."version" ASC[0m
  [1m[35m (0.4ms)[0m  [1m[34mSELECT "ar_internal_metadata"."value" FROM "ar_internal_metadata" WHERE "ar_internal_metadata"."key" = $1[0m  [["key", "environment"]]
  [1m[35m (42.4ms)[0m  [1m[35mDROP DATABASE IF EXISTS "movie_buff_test"[0m
  [1m[35m (145.6ms)[0m  [1m[35mCREATE DATABASE "movie_buff_test" ENCODING = 'unicode'[0m
  [1m[35mSQL (2.0ms)[0m  [1m[35mCREATE EXTENSION IF NOT EXISTS "plpgsql"[0m
  [1m[35m (0.4ms)[0m  [1m[35mDROP TABLE IF EXISTS "actors" CASCADE[0m
  [1m[35m (21.5ms)[0m  [1m[35mCREATE TABLE "actors" ("id" bigserial primary key, "name" character varying NOT NULL)[0m
  [1m[35m (5.0ms)[0m  [1m[35mCREATE  INDEX  "index_actors_on_name" ON "actors"  ("name")[0m
  [1m[35m (0.4ms)[0m  [1m[35mDROP TABLE IF EXISTS "castings" CASCADE[0m
  [1m[35m (6.4ms)[0m  [1m[35mCREATE TABLE "castings" ("id" bigserial primary key, "actor_id" integer NOT NULL, "movie_id" integer NOT NULL, "ord" integer NOT NULL)[0m
  [1m[35m (2.9ms)[0m  [1m[35mCREATE UNIQUE INDEX  "index_castings_on_actor_id_and_movie_id" ON "castings"  ("actor_id", "movie_id")[0m
  [1m[35m (4.0ms)[0m  [1m[35mCREATE  INDEX  "index_castings_on_actor_id" ON "castings"  ("actor_id")[0m
  [1m[35m (3.1ms)[0m  [1m[35mCREATE  INDEX  "index_castings_on_movie_id" ON "castings"  ("movie_id")[0m
  [1m[35m (0.3ms)[0m  [1m[35mDROP TABLE IF EXISTS "movies" CASCADE[0m
  [1m[35m (7.6ms)[0m  [1m[35mCREATE TABLE "movies" ("id" bigserial primary key, "title" character varying NOT NULL, "yr" integer NOT NULL, "score" float NOT NULL, "votes" integer NOT NULL, "director_id" integer NOT NULL)[0m
  [1m[35m (4.2ms)[0m  [1m[35mCREATE  INDEX  "index_movies_on_director_id" ON "movies"  ("director_id")[0m
  [1m[35m (2.7ms)[0m  [1m[35mCREATE  INDEX  "index_movies_on_title" ON "movies"  ("title")[0m
  [1m[35m (7.7ms)[0m  [1m[35mCREATE TABLE "schema_migrations" ("version" character varying NOT NULL PRIMARY KEY)[0m
  [1m[35m (3.2ms)[0m  [1m[34mSELECT "schema_migrations"."version" FROM "schema_migrations" ORDER BY "schema_migrations"."version" ASC[0m
  [1m[35m (2.1ms)[0m  [1m[32mINSERT INTO "schema_migrations" (version) VALUES (20170711160807)[0m
  [1m[35m (6.5ms)[0m  [1m[35mCREATE TABLE "ar_internal_metadata" ("key" character varying NOT NULL PRIMARY KEY, "value" character varying, "created_at" timestamp NOT NULL, "updated_at" timestamp NOT NULL)[0m
  [1m[36mActiveRecord::InternalMetadata Load (1.6ms)[0m  [1m[34mSELECT  "ar_internal_metadata".* FROM "ar_internal_metadata" WHERE "ar_internal_metadata"."key" = $1 LIMIT $2[0m  [["key", "environment"], ["LIMIT", 1]]
  [1m[35m (0.2ms)[0m  [1m[35mBEGIN[0m
  [1m[35mSQL (1.8ms)[0m  [1m[32mINSERT INTO "ar_internal_metadata" ("key", "value", "created_at", "updated_at") VALUES ($1, $2, $3, $4) RETURNING "key"[0m  [["key", "environment"], ["value", "development"], ["created_at", "2020-12-21 18:55:14.771925"], ["updated_at", "2020-12-21 18:55:14.771925"]]
  [1m[35m (0.8ms)[0m  [1m[35mCOMMIT[0m
  [1m[36mActiveRecord::InternalMetadata Load (1.1ms)[0m  [1m[34mSELECT  "ar_internal_metadata".* FROM "ar_internal_metadata" WHERE "ar_internal_metadata"."key" = $1 LIMIT $2[0m  [["key", "environment"], ["LIMIT", 1]]
  [1m[35m (0.4ms)[0m  [1m[35mBEGIN[0m
  [1m[35mSQL (1.2ms)[0m  [1m[33mUPDATE "ar_internal_metadata" SET "value" = $1, "updated_at" = $2 WHERE "ar_internal_metadata"."key" = $3[0m  [["value", "test"], ["updated_at", "2020-12-21 18:55:14.785621"], ["key", "environment"]]
  [1m[35m (0.8ms)[0m  [1m[35mCOMMIT[0m
  [1m[35m (1.5ms)[0m  [1m[34mSELECT "schema_migrations"."version" FROM "schema_migrations" ORDER BY "schema_migrations"."version" ASC[0m
  [1m[35m (0.6ms)[0m  [1m[35mBEGIN[0m
  [1m[36mMovie Load (2.5ms)[0m  [1m[34mSELECT movies.id, movies.title, movies.score FROM "movies"[0m
  [1m[35m (0.2ms)[0m  [1m[31mROLLBACK[0m
  [1m[35m (0.2ms)[0m  [1m[35mBEGIN[0m
  [1m[36mMovie Load (1.8ms)[0m  [1m[34mSELECT movies.id, movies.title, movies.score FROM "movies"[0m
  [1m[35m (0.2ms)[0m  [1m[31mROLLBACK[0m
  [1m[35m (0.7ms)[0m  [1m[34mSELECT "schema_migrations"."version" FROM "schema_migrations" ORDER BY "schema_migrations"."version" ASC[0m
  [1m[35m (0.8ms)[0m  [1m[34mSELECT "schema_migrations"."version" FROM "schema_migrations" ORDER BY "schema_migrations"."version" ASC[0m
  [1m[35m (0.4ms)[0m  [1m[34mSELECT "ar_internal_metadata"."value" FROM "ar_internal_metadata" WHERE "ar_internal_metadata"."key" = $1[0m  [["key", "environment"]]
  [1m[35m (0.2ms)[0m  [1m[34mSELECT "schema_migrations"."version" FROM "schema_migrations" ORDER BY "schema_migrations"."version" ASC[0m
  [1m[35m (0.1ms)[0m  [1m[34mSELECT "ar_internal_metadata"."value" FROM "ar_internal_metadata" WHERE "ar_internal_metadata"."key" = $1[0m  [["key", "environment"]]
  [1m[35m (0.2ms)[0m  [1m[34mSELECT "schema_migrations"."version" FROM "schema_migrations" ORDER BY "schema_migrations"."version" ASC[0m
  [1m[35m (0.1ms)[0m  [1m[34mSELECT "ar_internal_metadata"."value" FROM "ar_internal_metadata" WHERE "ar_internal_metadata"."key" = $1[0m  [["key", "environment"]]
  [1m[35m (35.5ms)[0m  [1m[35mDROP DATABASE IF EXISTS "movie_buff_test"[0m
  [1m[35m (105.7ms)[0m  [1m[35mCREATE DATABASE "movie_buff_test" ENCODING = 'unicode'[0m
  [1m[35mSQL (1.7ms)[0m  [1m[35mCREATE EXTENSION IF NOT EXISTS "plpgsql"[0m
  [1m[35m (0.8ms)[0m  [1m[35mDROP TABLE IF EXISTS "actors" CASCADE[0m
  [1m[35m (22.0ms)[0m  [1m[35mCREATE TABLE "actors" ("id" bigserial primary key, "name" character varying NOT NULL)[0m
  [1m[35m (6.2ms)[0m  [1m[35mCREATE  INDEX  "index_actors_on_name" ON "actors"  ("name")[0m
  [1m[35m (0.6ms)[0m  [1m[35mDROP TABLE IF EXISTS "castings" CASCADE[0m
  [1m[35m (9.1ms)[0m  [1m[35mCREATE TABLE "castings" ("id" bigserial primary key, "actor_id" integer NOT NULL, "movie_id" integer NOT NULL, "ord" integer NOT NULL)[0m
  [1m[35m (5.7ms)[0m  [1m[35mCREATE UNIQUE INDEX  "index_castings_on_actor_id_and_movie_id" ON "castings"  ("actor_id", "movie_id")[0m
  [1m[35m (5.6ms)[0m  [1m[35mCREATE  INDEX  "index_castings_on_actor_id" ON "castings"  ("actor_id")[0m
  [1m[35m (3.6ms)[0m  [1m[35mCREATE  INDEX  "index_castings_on_movie_id" ON "castings"  ("movie_id")[0m
  [1m[35m (0.6ms)[0m  [1m[35mDROP TABLE IF EXISTS "movies" CASCADE[0m
  [1m[35m (17.7ms)[0m  [1m[35mCREATE TABLE "movies" ("id" bigserial primary key, "title" character varying NOT NULL, "yr" integer NOT NULL, "score" float NOT NULL, "votes" integer NOT NULL, "director_id" integer NOT NULL)[0m
  [1m[35m (3.1ms)[0m  [1m[35mCREATE  INDEX  "index_movies_on_director_id" ON "movies"  ("director_id")[0m
  [1m[35m (2.8ms)[0m  [1m[35mCREATE  INDEX  "index_movies_on_title" ON "movies"  ("title")[0m
  [1m[35m (7.5ms)[0m  [1m[35mCREATE TABLE "schema_migrations" ("version" character varying NOT NULL PRIMARY KEY)[0m
  [1m[35m (1.4ms)[0m  [1m[34mSELECT "schema_migrations"."version" FROM "schema_migrations" ORDER BY "schema_migrations"."version" ASC[0m
  [1m[35m (1.3ms)[0m  [1m[32mINSERT INTO "schema_migrations" (version) VALUES (20170711160807)[0m
  [1m[35m (6.6ms)[0m  [1m[35mCREATE TABLE "ar_internal_metadata" ("key" character varying NOT NULL PRIMARY KEY, "value" character varying, "created_at" timestamp NOT NULL, "updated_at" timestamp NOT NULL)[0m
  [1m[36mActiveRecord::InternalMetadata Load (0.9ms)[0m  [1m[34mSELECT  "ar_internal_metadata".* FROM "ar_internal_metadata" WHERE "ar_internal_metadata"."key" = $1 LIMIT $2[0m  [["key", "environment"], ["LIMIT", 1]]
  [1m[35m (0.4ms)[0m  [1m[35mBEGIN[0m
  [1m[35mSQL (0.8ms)[0m  [1m[32mINSERT INTO "ar_internal_metadata" ("key", "value", "created_at", "updated_at") VALUES ($1, $2, $3, $4) RETURNING "key"[0m  [["key", "environment"], ["value", "development"], ["created_at", "2020-12-21 18:56:27.263533"], ["updated_at", "2020-12-21 18:56:27.263533"]]
  [1m[35m (0.6ms)[0m  [1m[35mCOMMIT[0m
  [1m[36mActiveRecord::InternalMetadata Load (0.9ms)[0m  [1m[34mSELECT  "ar_internal_metadata".* FROM "ar_internal_metadata" WHERE "ar_internal_metadata"."key" = $1 LIMIT $2[0m  [["key", "environment"], ["LIMIT", 1]]
  [1m[35m (0.4ms)[0m  [1m[35mBEGIN[0m
  [1m[35mSQL (1.4ms)[0m  [1m[33mUPDATE "ar_internal_metadata" SET "value" = $1, "updated_at" = $2 WHERE "ar_internal_metadata"."key" = $3[0m  [["value", "test"], ["updated_at", "2020-12-21 18:56:27.273562"], ["key", "environment"]]
  [1m[35m (1.0ms)[0m  [1m[35mCOMMIT[0m
  [1m[35m (3.2ms)[0m  [1m[34mSELECT "schema_migrations"."version" FROM "schema_migrations" ORDER BY "schema_migrations"."version" ASC[0m
  [1m[35m (0.5ms)[0m  [1m[35mBEGIN[0m
  [1m[36mMovie Load (6.0ms)[0m  [1m[34mSELECT movies.id, movies.title, movies.score FROM "movies"[0m
  [1m[35m (0.3ms)[0m  [1m[31mROLLBACK[0m
  [1m[35m (0.1ms)[0m  [1m[35mBEGIN[0m
  [1m[36mMovie Load (2.0ms)[0m  [1m[34mSELECT movies.id, movies.title, movies.score FROM "movies"[0m
  [1m[35m (0.2ms)[0m  [1m[31mROLLBACK[0m
  [1m[35m (0.8ms)[0m  [1m[34mSELECT "schema_migrations"."version" FROM "schema_migrations" ORDER BY "schema_migrations"."version" ASC[0m
  [1m[35m (0.8ms)[0m  [1m[34mSELECT "schema_migrations"."version" FROM "schema_migrations" ORDER BY "schema_migrations"."version" ASC[0m
  [1m[35m (0.3ms)[0m  [1m[34mSELECT "ar_internal_metadata"."value" FROM "ar_internal_metadata" WHERE "ar_internal_metadata"."key" = $1[0m  [["key", "environment"]]
  [1m[35m (0.2ms)[0m  [1m[34mSELECT "schema_migrations"."version" FROM "schema_migrations" ORDER BY "schema_migrations"."version" ASC[0m
  [1m[35m (0.1ms)[0m  [1m[34mSELECT "ar_internal_metadata"."value" FROM "ar_internal_metadata" WHERE "ar_internal_metadata"."key" = $1[0m  [["key", "environment"]]
  [1m[35m (0.2ms)[0m  [1m[34mSELECT "schema_migrations"."version" FROM "schema_migrations" ORDER BY "schema_migrations"."version" ASC[0m
  [1m[35m (0.1ms)[0m  [1m[34mSELECT "ar_internal_metadata"."value" FROM "ar_internal_metadata" WHERE "ar_internal_metadata"."key" = $1[0m  [["key", "environment"]]
  [1m[35m (31.2ms)[0m  [1m[35mDROP DATABASE IF EXISTS "movie_buff_test"[0m
  [1m[35m (119.0ms)[0m  [1m[35mCREATE DATABASE "movie_buff_test" ENCODING = 'unicode'[0m
  [1m[35mSQL (1.3ms)[0m  [1m[35mCREATE EXTENSION IF NOT EXISTS "plpgsql"[0m
  [1m[35m (0.7ms)[0m  [1m[35mDROP TABLE IF EXISTS "actors" CASCADE[0m
  [1m[35m (14.8ms)[0m  [1m[35mCREATE TABLE "actors" ("id" bigserial primary key, "name" character varying NOT NULL)[0m
  [1m[35m (6.4ms)[0m  [1m[35mCREATE  INDEX  "index_actors_on_name" ON "actors"  ("name")[0m
  [1m[35m (0.6ms)[0m  [1m[35mDROP TABLE IF EXISTS "castings" CASCADE[0m
  [1m[35m (11.6ms)[0m  [1m[35mCREATE TABLE "castings" ("id" bigserial primary key, "actor_id" integer NOT NULL, "movie_id" integer NOT NULL, "ord" integer NOT NULL)[0m
  [1m[35m (2.8ms)[0m  [1m[35mCREATE UNIQUE INDEX  "index_castings_on_actor_id_and_movie_id" ON "castings"  ("actor_id", "movie_id")[0m
  [1m[35m (2.2ms)[0m  [1m[35mCREATE  INDEX  "index_castings_on_actor_id" ON "castings"  ("actor_id")[0m
  [1m[35m (4.1ms)[0m  [1m[35mCREATE  INDEX  "index_castings_on_movie_id" ON "castings"  ("movie_id")[0m
  [1m[35m (0.6ms)[0m  [1m[35mDROP TABLE IF EXISTS "movies" CASCADE[0m
  [1m[35m (17.2ms)[0m  [1m[35mCREATE TABLE "movies" ("id" bigserial primary key, "title" character varying NOT NULL, "yr" integer NOT NULL, "score" float NOT NULL, "votes" integer NOT NULL, "director_id" integer NOT NULL)[0m
  [1m[35m (3.5ms)[0m  [1m[35mCREATE  INDEX  "index_movies_on_director_id" ON "movies"  ("director_id")[0m
  [1m[35m (2.7ms)[0m  [1m[35mCREATE  INDEX  "index_movies_on_title" ON "movies"  ("title")[0m
  [1m[35m (7.2ms)[0m  [1m[35mCREATE TABLE "schema_migrations" ("version" character varying NOT NULL PRIMARY KEY)[0m
  [1m[35m (1.7ms)[0m  [1m[34mSELECT "schema_migrations"."version" FROM "schema_migrations" ORDER BY "schema_migrations"."version" ASC[0m
  [1m[35m (2.2ms)[0m  [1m[32mINSERT INTO "schema_migrations" (version) VALUES (20170711160807)[0m
  [1m[35m (8.2ms)[0m  [1m[35mCREATE TABLE "ar_internal_metadata" ("key" character varying NOT NULL PRIMARY KEY, "value" character varying, "created_at" timestamp NOT NULL, "updated_at" timestamp NOT NULL)[0m
  [1m[36mActiveRecord::InternalMetadata Load (1.7ms)[0m  [1m[34mSELECT  "ar_internal_metadata".* FROM "ar_internal_metadata" WHERE "ar_internal_metadata"."key" = $1 LIMIT $2[0m  [["key", "environment"], ["LIMIT", 1]]
  [1m[35m (0.5ms)[0m  [1m[35mBEGIN[0m
  [1m[35mSQL (1.8ms)[0m  [1m[32mINSERT INTO "ar_internal_metadata" ("key", "value", "created_at", "updated_at") VALUES ($1, $2, $3, $4) RETURNING "key"[0m  [["key", "environment"], ["value", "development"], ["created_at", "2020-12-21 18:57:06.895729"], ["updated_at", "2020-12-21 18:57:06.895729"]]
  [1m[35m (0.6ms)[0m  [1m[35mCOMMIT[0m
  [1m[36mActiveRecord::InternalMetadata Load (1.0ms)[0m  [1m[34mSELECT  "ar_internal_metadata".* FROM "ar_internal_metadata" WHERE "ar_internal_metadata"."key" = $1 LIMIT $2[0m  [["key", "environment"], ["LIMIT", 1]]
  [1m[35m (0.4ms)[0m  [1m[35mBEGIN[0m
  [1m[35mSQL (0.7ms)[0m  [1m[33mUPDATE "ar_internal_metadata" SET "value" = $1, "updated_at" = $2 WHERE "ar_internal_metadata"."key" = $3[0m  [["value", "test"], ["updated_at", "2020-12-21 18:57:06.907200"], ["key", "environment"]]
  [1m[35m (0.7ms)[0m  [1m[35mCOMMIT[0m
  [1m[35m (3.2ms)[0m  [1m[34mSELECT "schema_migrations"."version" FROM "schema_migrations" ORDER BY "schema_migrations"."version" ASC[0m
  [1m[35m (0.5ms)[0m  [1m[35mBEGIN[0m
  [1m[36mMovie Load (4.3ms)[0m  [1m[34mSELECT movies.id, movies.title, movies.score FROM "movies"[0m
  [1m[35m (0.2ms)[0m  [1m[31mROLLBACK[0m
  [1m[35m (0.1ms)[0m  [1m[35mBEGIN[0m
  [1m[36mMovie Load (1.6ms)[0m  [1m[34mSELECT movies.id, movies.title, movies.score FROM "movies"[0m
  [1m[35m (0.2ms)[0m  [1m[31mROLLBACK[0m
  [1m[35m (0.7ms)[0m  [1m[34mSELECT "schema_migrations"."version" FROM "schema_migrations" ORDER BY "schema_migrations"."version" ASC[0m
  [1m[35m (0.7ms)[0m  [1m[34mSELECT "schema_migrations"."version" FROM "schema_migrations" ORDER BY "schema_migrations"."version" ASC[0m
  [1m[35m (0.3ms)[0m  [1m[34mSELECT "ar_internal_metadata"."value" FROM "ar_internal_metadata" WHERE "ar_internal_metadata"."key" = $1[0m  [["key", "environment"]]
  [1m[35m (0.5ms)[0m  [1m[34mSELECT "schema_migrations"."version" FROM "schema_migrations" ORDER BY "schema_migrations"."version" ASC[0m
  [1m[35m (0.2ms)[0m  [1m[34mSELECT "ar_internal_metadata"."value" FROM "ar_internal_metadata" WHERE "ar_internal_metadata"."key" = $1[0m  [["key", "environment"]]
  [1m[35m (0.2ms)[0m  [1m[34mSELECT "schema_migrations"."version" FROM "schema_migrations" ORDER BY "schema_migrations"."version" ASC[0m
  [1m[35m (0.1ms)[0m  [1m[34mSELECT "ar_internal_metadata"."value" FROM "ar_internal_metadata" WHERE "ar_internal_metadata"."key" = $1[0m  [["key", "environment"]]
  [1m[35m (35.8ms)[0m  [1m[35mDROP DATABASE IF EXISTS "movie_buff_test"[0m
  [1m[35m (114.1ms)[0m  [1m[35mCREATE DATABASE "movie_buff_test" ENCODING = 'unicode'[0m
  [1m[35mSQL (1.1ms)[0m  [1m[35mCREATE EXTENSION IF NOT EXISTS "plpgsql"[0m
  [1m[35m (0.4ms)[0m  [1m[35mDROP TABLE IF EXISTS "actors" CASCADE[0m
  [1m[35m (13.9ms)[0m  [1m[35mCREATE TABLE "actors" ("id" bigserial primary key, "name" character varying NOT NULL)[0m
  [1m[35m (2.3ms)[0m  [1m[35mCREATE  INDEX  "index_actors_on_name" ON "actors"  ("name")[0m
  [1m[35m (0.4ms)[0m  [1m[35mDROP TABLE IF EXISTS "castings" CASCADE[0m
  [1m[35m (7.3ms)[0m  [1m[35mCREATE TABLE "castings" ("id" bigserial primary key, "actor_id" integer NOT NULL, "movie_id" integer NOT NULL, "ord" integer NOT NULL)[0m
  [1m[35m (2.8ms)[0m  [1m[35mCREATE UNIQUE INDEX  "index_castings_on_actor_id_and_movie_id" ON "castings"  ("actor_id", "movie_id")[0m
  [1m[35m (3.9ms)[0m  [1m[35mCREATE  INDEX  "index_castings_on_actor_id" ON "castings"  ("actor_id")[0m
  [1m[35m (4.9ms)[0m  [1m[35mCREATE  INDEX  "index_castings_on_movie_id" ON "castings"  ("movie_id")[0m
  [1m[35m (0.7ms)[0m  [1m[35mDROP TABLE IF EXISTS "movies" CASCADE[0m
  [1m[35m (14.2ms)[0m  [1m[35mCREATE TABLE "movies" ("id" bigserial primary key, "title" character varying NOT NULL, "yr" integer NOT NULL, "score" float NOT NULL, "votes" integer NOT NULL, "director_id" integer NOT NULL)[0m
  [1m[35m (4.9ms)[0m  [1m[35mCREATE  INDEX  "index_movies_on_director_id" ON "movies"  ("director_id")[0m
  [1m[35m (5.4ms)[0m  [1m[35mCREATE  INDEX  "index_movies_on_title" ON "movies"  ("title")[0m
  [1m[35m (9.9ms)[0m  [1m[35mCREATE TABLE "schema_migrations" ("version" character varying NOT NULL PRIMARY KEY)[0m
  [1m[35m (2.2ms)[0m  [1m[34mSELECT "schema_migrations"."version" FROM "schema_migrations" ORDER BY "schema_migrations"."version" ASC[0m
  [1m[35m (2.3ms)[0m  [1m[32mINSERT INTO "schema_migrations" (version) VALUES (20170711160807)[0m
  [1m[35m (8.4ms)[0m  [1m[35mCREATE TABLE "ar_internal_metadata" ("key" character varying NOT NULL PRIMARY KEY, "value" character varying, "created_at" timestamp NOT NULL, "updated_at" timestamp NOT NULL)[0m
  [1m[36mActiveRecord::InternalMetadata Load (1.1ms)[0m  [1m[34mSELECT  "ar_internal_metadata".* FROM "ar_internal_metadata" WHERE "ar_internal_metadata"."key" = $1 LIMIT $2[0m  [["key", "environment"], ["LIMIT", 1]]
  [1m[35m (0.4ms)[0m  [1m[35mBEGIN[0m
  [1m[35mSQL (1.6ms)[0m  [1m[32mINSERT INTO "ar_internal_metadata" ("key", "value", "created_at", "updated_at") VALUES ($1, $2, $3, $4) RETURNING "key"[0m  [["key", "environment"], ["value", "development"], ["created_at", "2020-12-21 18:58:13.361509"], ["updated_at", "2020-12-21 18:58:13.361509"]]
  [1m[35m (1.0ms)[0m  [1m[35mCOMMIT[0m
  [1m[36mActiveRecord::InternalMetadata Load (1.1ms)[0m  [1m[34mSELECT  "ar_internal_metadata".* FROM "ar_internal_metadata" WHERE "ar_internal_metadata"."key" = $1 LIMIT $2[0m  [["key", "environment"], ["LIMIT", 1]]
  [1m[35m (0.4ms)[0m  [1m[35mBEGIN[0m
  [1m[35mSQL (1.4ms)[0m  [1m[33mUPDATE "ar_internal_metadata" SET "value" = $1, "updated_at" = $2 WHERE "ar_internal_metadata"."key" = $3[0m  [["value", "test"], ["updated_at", "2020-12-21 18:58:13.373729"], ["key", "environment"]]
  [1m[35m (0.8ms)[0m  [1m[35mCOMMIT[0m
  [1m[35m (0.9ms)[0m  [1m[34mSELECT "schema_migrations"."version" FROM "schema_migrations" ORDER BY "schema_migrations"."version" ASC[0m
  [1m[35m (0.2ms)[0m  [1m[35mBEGIN[0m
  [1m[36mMovie Load (1.9ms)[0m  [1m[34mSELECT movies.id, movies.title, movies.score FROM "movies"[0m
  [1m[35m (0.2ms)[0m  [1m[31mROLLBACK[0m
  [1m[35m (0.1ms)[0m  [1m[35mBEGIN[0m
  [1m[36mMovie Load (1.5ms)[0m  [1m[34mSELECT movies.id, movies.title, movies.score FROM "movies"[0m
  [1m[35m (0.2ms)[0m  [1m[31mROLLBACK[0m
  [1m[35m (0.7ms)[0m  [1m[34mSELECT "schema_migrations"."version" FROM "schema_migrations" ORDER BY "schema_migrations"."version" ASC[0m
  [1m[35m (0.7ms)[0m  [1m[34mSELECT "schema_migrations"."version" FROM "schema_migrations" ORDER BY "schema_migrations"."version" ASC[0m
  [1m[35m (0.4ms)[0m  [1m[34mSELECT "ar_internal_metadata"."value" FROM "ar_internal_metadata" WHERE "ar_internal_metadata"."key" = $1[0m  [["key", "environment"]]
  [1m[35m (0.3ms)[0m  [1m[34mSELECT "schema_migrations"."version" FROM "schema_migrations" ORDER BY "schema_migrations"."version" ASC[0m
  [1m[35m (0.2ms)[0m  [1m[34mSELECT "ar_internal_metadata"."value" FROM "ar_internal_metadata" WHERE "ar_internal_metadata"."key" = $1[0m  [["key", "environment"]]
  [1m[35m (0.2ms)[0m  [1m[34mSELECT "schema_migrations"."version" FROM "schema_migrations" ORDER BY "schema_migrations"."version" ASC[0m
  [1m[35m (0.2ms)[0m  [1m[34mSELECT "ar_internal_metadata"."value" FROM "ar_internal_metadata" WHERE "ar_internal_metadata"."key" = $1[0m  [["key", "environment"]]
  [1m[35m (34.2ms)[0m  [1m[35mDROP DATABASE IF EXISTS "movie_buff_test"[0m
  [1m[35m (82.4ms)[0m  [1m[35mCREATE DATABASE "movie_buff_test" ENCODING = 'unicode'[0m
  [1m[35mSQL (1.3ms)[0m  [1m[35mCREATE EXTENSION IF NOT EXISTS "plpgsql"[0m
  [1m[35m (0.4ms)[0m  [1m[35mDROP TABLE IF EXISTS "actors" CASCADE[0m
  [1m[35m (11.4ms)[0m  [1m[35mCREATE TABLE "actors" ("id" bigserial primary key, "name" character varying NOT NULL)[0m
  [1m[35m (2.8ms)[0m  [1m[35mCREATE  INDEX  "index_actors_on_name" ON "actors"  ("name")[0m
  [1m[35m (0.3ms)[0m  [1m[35mDROP TABLE IF EXISTS "castings" CASCADE[0m
  [1m[35m (4.8ms)[0m  [1m[35mCREATE TABLE "castings" ("id" bigserial primary key, "actor_id" integer NOT NULL, "movie_id" integer NOT NULL, "ord" integer NOT NULL)[0m
  [1m[35m (4.4ms)[0m  [1m[35mCREATE UNIQUE INDEX  "index_castings_on_actor_id_and_movie_id" ON "castings"  ("actor_id", "movie_id")[0m
  [1m[35m (3.3ms)[0m  [1m[35mCREATE  INDEX  "index_castings_on_actor_id" ON "castings"  ("actor_id")[0m
  [1m[35m (4.3ms)[0m  [1m[35mCREATE  INDEX  "index_castings_on_movie_id" ON "castings"  ("movie_id")[0m
  [1m[35m (0.3ms)[0m  [1m[35mDROP TABLE IF EXISTS "movies" CASCADE[0m
  [1m[35m (18.2ms)[0m  [1m[35mCREATE TABLE "movies" ("id" bigserial primary key, "title" character varying NOT NULL, "yr" integer NOT NULL, "score" float NOT NULL, "votes" integer NOT NULL, "director_id" integer NOT NULL)[0m
  [1m[35m (4.0ms)[0m  [1m[35mCREATE  INDEX  "index_movies_on_director_id" ON "movies"  ("director_id")[0m
  [1m[35m (3.5ms)[0m  [1m[35mCREATE  INDEX  "index_movies_on_title" ON "movies"  ("title")[0m
  [1m[35m (9.0ms)[0m  [1m[35mCREATE TABLE "schema_migrations" ("version" character varying NOT NULL PRIMARY KEY)[0m
  [1m[35m (3.1ms)[0m  [1m[34mSELECT "schema_migrations"."version" FROM "schema_migrations" ORDER BY "schema_migrations"."version" ASC[0m
  [1m[35m (2.3ms)[0m  [1m[32mINSERT INTO "schema_migrations" (version) VALUES (20170711160807)[0m
  [1m[35m (12.5ms)[0m  [1m[35mCREATE TABLE "ar_internal_metadata" ("key" character varying NOT NULL PRIMARY KEY, "value" character varying, "created_at" timestamp NOT NULL, "updated_at" timestamp NOT NULL)[0m
  [1m[36mActiveRecord::InternalMetadata Load (1.6ms)[0m  [1m[34mSELECT  "ar_internal_metadata".* FROM "ar_internal_metadata" WHERE "ar_internal_metadata"."key" = $1 LIMIT $2[0m  [["key", "environment"], ["LIMIT", 1]]
  [1m[35m (0.4ms)[0m  [1m[35mBEGIN[0m
  [1m[35mSQL (1.4ms)[0m  [1m[32mINSERT INTO "ar_internal_metadata" ("key", "value", "created_at", "updated_at") VALUES ($1, $2, $3, $4) RETURNING "key"[0m  [["key", "environment"], ["value", "development"], ["created_at", "2020-12-21 18:58:43.323010"], ["updated_at", "2020-12-21 18:58:43.323010"]]
  [1m[35m (0.9ms)[0m  [1m[35mCOMMIT[0m
  [1m[36mActiveRecord::InternalMetadata Load (1.0ms)[0m  [1m[34mSELECT  "ar_internal_metadata".* FROM "ar_internal_metadata" WHERE "ar_internal_metadata"."key" = $1 LIMIT $2[0m  [["key", "environment"], ["LIMIT", 1]]
  [1m[35m (0.3ms)[0m  [1m[35mBEGIN[0m
  [1m[35mSQL (1.5ms)[0m  [1m[33mUPDATE "ar_internal_metadata" SET "value" = $1, "updated_at" = $2 WHERE "ar_internal_metadata"."key" = $3[0m  [["value", "test"], ["updated_at", "2020-12-21 18:58:43.334477"], ["key", "environment"]]
  [1m[35m (0.8ms)[0m  [1m[35mCOMMIT[0m
  [1m[35m (4.4ms)[0m  [1m[34mSELECT "schema_migrations"."version" FROM "schema_migrations" ORDER BY "schema_migrations"."version" ASC[0m
  [1m[35m (0.3ms)[0m  [1m[35mBEGIN[0m
  [1m[36mMovie Load (2.1ms)[0m  [1m[34mSELECT movies.id, movies.title, movies.score FROM "movies"[0m
  [1m[35m (0.3ms)[0m  [1m[31mROLLBACK[0m
  [1m[35m (0.1ms)[0m  [1m[35mBEGIN[0m
  [1m[36mMovie Load (1.6ms)[0m  [1m[34mSELECT movies.id, movies.title, movies.score FROM "movies"[0m
  [1m[35m (0.3ms)[0m  [1m[31mROLLBACK[0m
  [1m[35m (0.7ms)[0m  [1m[34mSELECT "schema_migrations"."version" FROM "schema_migrations" ORDER BY "schema_migrations"."version" ASC[0m
  [1m[35m (1.2ms)[0m  [1m[34mSELECT "schema_migrations"."version" FROM "schema_migrations" ORDER BY "schema_migrations"."version" ASC[0m
  [1m[35m (0.4ms)[0m  [1m[34mSELECT "ar_internal_metadata"."value" FROM "ar_internal_metadata" WHERE "ar_internal_metadata"."key" = $1[0m  [["key", "environment"]]
  [1m[35m (0.4ms)[0m  [1m[34mSELECT "schema_migrations"."version" FROM "schema_migrations" ORDER BY "schema_migrations"."version" ASC[0m
  [1m[35m (0.2ms)[0m  [1m[34mSELECT "ar_internal_metadata"."value" FROM "ar_internal_metadata" WHERE "ar_internal_metadata"."key" = $1[0m  [["key", "environment"]]
  [1m[35m (0.2ms)[0m  [1m[34mSELECT "schema_migrations"."version" FROM "schema_migrations" ORDER BY "schema_migrations"."version" ASC[0m
  [1m[35m (0.2ms)[0m  [1m[34mSELECT "ar_internal_metadata"."value" FROM "ar_internal_metadata" WHERE "ar_internal_metadata"."key" = $1[0m  [["key", "environment"]]
  [1m[35m (32.8ms)[0m  [1m[35mDROP DATABASE IF EXISTS "movie_buff_test"[0m
  [1m[35m (123.8ms)[0m  [1m[35mCREATE DATABASE "movie_buff_test" ENCODING = 'unicode'[0m
  [1m[35mSQL (1.7ms)[0m  [1m[35mCREATE EXTENSION IF NOT EXISTS "plpgsql"[0m
  [1m[35m (0.7ms)[0m  [1m[35mDROP TABLE IF EXISTS "actors" CASCADE[0m
  [1m[35m (14.5ms)[0m  [1m[35mCREATE TABLE "actors" ("id" bigserial primary key, "name" character varying NOT NULL)[0m
  [1m[35m (2.1ms)[0m  [1m[35mCREATE  INDEX  "index_actors_on_name" ON "actors"  ("name")[0m
  [1m[35m (0.2ms)[0m  [1m[35mDROP TABLE IF EXISTS "castings" CASCADE[0m
  [1m[35m (4.6ms)[0m  [1m[35mCREATE TABLE "castings" ("id" bigserial primary key, "actor_id" integer NOT NULL, "movie_id" integer NOT NULL, "ord" integer NOT NULL)[0m
  [1m[35m (12.0ms)[0m  [1m[35mCREATE UNIQUE INDEX  "index_castings_on_actor_id_and_movie_id" ON "castings"  ("actor_id", "movie_id")[0m
  [1m[35m (2.0ms)[0m  [1m[35mCREATE  INDEX  "index_castings_on_actor_id" ON "castings"  ("actor_id")[0m
  [1m[35m (2.0ms)[0m  [1m[35mCREATE  INDEX  "index_castings_on_movie_id" ON "castings"  ("movie_id")[0m
  [1m[35m (0.3ms)[0m  [1m[35mDROP TABLE IF EXISTS "movies" CASCADE[0m
  [1m[35m (7.2ms)[0m  [1m[35mCREATE TABLE "movies" ("id" bigserial primary key, "title" character varying NOT NULL, "yr" integer NOT NULL, "score" float NOT NULL, "votes" integer NOT NULL, "director_id" integer NOT NULL)[0m
  [1m[35m (3.3ms)[0m  [1m[35mCREATE  INDEX  "index_movies_on_director_id" ON "movies"  ("director_id")[0m
  [1m[35m (2.0ms)[0m  [1m[35mCREATE  INDEX  "index_movies_on_title" ON "movies"  ("title")[0m
  [1m[35m (4.8ms)[0m  [1m[35mCREATE TABLE "schema_migrations" ("version" character varying NOT NULL PRIMARY KEY)[0m
  [1m[35m (1.0ms)[0m  [1m[34mSELECT "schema_migrations"."version" FROM "schema_migrations" ORDER BY "schema_migrations"."version" ASC[0m
  [1m[35m (2.0ms)[0m  [1m[32mINSERT INTO "schema_migrations" (version) VALUES (20170711160807)[0m
  [1m[35m (5.0ms)[0m  [1m[35mCREATE TABLE "ar_internal_metadata" ("key" character varying NOT NULL PRIMARY KEY, "value" character varying, "created_at" timestamp NOT NULL, "updated_at" timestamp NOT NULL)[0m
  [1m[36mActiveRecord::InternalMetadata Load (0.9ms)[0m  [1m[34mSELECT  "ar_internal_metadata".* FROM "ar_internal_metadata" WHERE "ar_internal_metadata"."key" = $1 LIMIT $2[0m  [["key", "environment"], ["LIMIT", 1]]
  [1m[35m (0.2ms)[0m  [1m[35mBEGIN[0m
  [1m[35mSQL (0.6ms)[0m  [1m[32mINSERT INTO "ar_internal_metadata" ("key", "value", "created_at", "updated_at") VALUES ($1, $2, $3, $4) RETURNING "key"[0m  [["key", "environment"], ["value", "development"], ["created_at", "2020-12-21 19:00:02.739215"], ["updated_at", "2020-12-21 19:00:02.739215"]]
  [1m[35m (0.5ms)[0m  [1m[35mCOMMIT[0m
  [1m[36mActiveRecord::InternalMetadata Load (0.4ms)[0m  [1m[34mSELECT  "ar_internal_metadata".* FROM "ar_internal_metadata" WHERE "ar_internal_metadata"."key" = $1 LIMIT $2[0m  [["key", "environment"], ["LIMIT", 1]]
  [1m[35m (0.2ms)[0m  [1m[35mBEGIN[0m
  [1m[35mSQL (1.4ms)[0m  [1m[33mUPDATE "ar_internal_metadata" SET "value" = $1, "updated_at" = $2 WHERE "ar_internal_metadata"."key" = $3[0m  [["value", "test"], ["updated_at", "2020-12-21 19:00:02.745659"], ["key", "environment"]]
  [1m[35m (0.5ms)[0m  [1m[35mCOMMIT[0m
  [1m[35m (3.7ms)[0m  [1m[34mSELECT "schema_migrations"."version" FROM "schema_migrations" ORDER BY "schema_migrations"."version" ASC[0m
  [1m[35m (0.3ms)[0m  [1m[35mBEGIN[0m
  [1m[36mMovie Load (0.5ms)[0m  [1m[34mSELECT movies.id, movies.title, movies.score FROM "movies" actors WHERE (actors.name = 'Wesley Snipes')[0m
  [1m[35m (0.1ms)[0m  [1m[31mROLLBACK[0m
  [1m[35m (0.1ms)[0m  [1m[35mBEGIN[0m
  [1m[36mMovie Load (0.4ms)[0m  [1m[34mSELECT movies.id, movies.title, movies.score FROM "movies" actors WHERE (actors.name = 'Wesley Snipes')[0m
  [1m[35m (0.1ms)[0m  [1m[31mROLLBACK[0m
  [1m[35m (0.8ms)[0m  [1m[34mSELECT "schema_migrations"."version" FROM "schema_migrations" ORDER BY "schema_migrations"."version" ASC[0m
  [1m[35m (0.7ms)[0m  [1m[34mSELECT "schema_migrations"."version" FROM "schema_migrations" ORDER BY "schema_migrations"."version" ASC[0m
  [1m[35m (0.3ms)[0m  [1m[34mSELECT "ar_internal_metadata"."value" FROM "ar_internal_metadata" WHERE "ar_internal_metadata"."key" = $1[0m  [["key", "environment"]]
  [1m[35m (0.2ms)[0m  [1m[34mSELECT "schema_migrations"."version" FROM "schema_migrations" ORDER BY "schema_migrations"."version" ASC[0m
  [1m[35m (0.2ms)[0m  [1m[34mSELECT "ar_internal_metadata"."value" FROM "ar_internal_metadata" WHERE "ar_internal_metadata"."key" = $1[0m  [["key", "environment"]]
  [1m[35m (0.2ms)[0m  [1m[34mSELECT "schema_migrations"."version" FROM "schema_migrations" ORDER BY "schema_migrations"."version" ASC[0m
  [1m[35m (0.1ms)[0m  [1m[34mSELECT "ar_internal_metadata"."value" FROM "ar_internal_metadata" WHERE "ar_internal_metadata"."key" = $1[0m  [["key", "environment"]]
  [1m[35m (34.1ms)[0m  [1m[35mDROP DATABASE IF EXISTS "movie_buff_test"[0m
  [1m[35m (118.7ms)[0m  [1m[35mCREATE DATABASE "movie_buff_test" ENCODING = 'unicode'[0m
  [1m[35mSQL (0.8ms)[0m  [1m[35mCREATE EXTENSION IF NOT EXISTS "plpgsql"[0m
  [1m[35m (0.6ms)[0m  [1m[35mDROP TABLE IF EXISTS "actors" CASCADE[0m
  [1m[35m (13.2ms)[0m  [1m[35mCREATE TABLE "actors" ("id" bigserial primary key, "name" character varying NOT NULL)[0m
  [1m[35m (3.6ms)[0m  [1m[35mCREATE  INDEX  "index_actors_on_name" ON "actors"  ("name")[0m
  [1m[35m (0.3ms)[0m  [1m[35mDROP TABLE IF EXISTS "castings" CASCADE[0m
  [1m[35m (4.2ms)[0m  [1m[35mCREATE TABLE "castings" ("id" bigserial primary key, "actor_id" integer NOT NULL, "movie_id" integer NOT NULL, "ord" integer NOT NULL)[0m
  [1m[35m (3.2ms)[0m  [1m[35mCREATE UNIQUE INDEX  "index_castings_on_actor_id_and_movie_id" ON "castings"  ("actor_id", "movie_id")[0m
  [1m[35m (1.9ms)[0m  [1m[35mCREATE  INDEX  "index_castings_on_actor_id" ON "castings"  ("actor_id")[0m
  [1m[35m (1.8ms)[0m  [1m[35mCREATE  INDEX  "index_castings_on_movie_id" ON "castings"  ("movie_id")[0m
  [1m[35m (0.3ms)[0m  [1m[35mDROP TABLE IF EXISTS "movies" CASCADE[0m
  [1m[35m (5.9ms)[0m  [1m[35mCREATE TABLE "movies" ("id" bigserial primary key, "title" character varying NOT NULL, "yr" integer NOT NULL, "score" float NOT NULL, "votes" integer NOT NULL, "director_id" integer NOT NULL)[0m
  [1m[35m (1.8ms)[0m  [1m[35mCREATE  INDEX  "index_movies_on_director_id" ON "movies"  ("director_id")[0m
  [1m[35m (4.0ms)[0m  [1m[35mCREATE  INDEX  "index_movies_on_title" ON "movies"  ("title")[0m
  [1m[35m (10.8ms)[0m  [1m[35mCREATE TABLE "schema_migrations" ("version" character varying NOT NULL PRIMARY KEY)[0m
  [1m[35m (3.1ms)[0m  [1m[34mSELECT "schema_migrations"."version" FROM "schema_migrations" ORDER BY "schema_migrations"."version" ASC[0m
  [1m[35m (2.3ms)[0m  [1m[32mINSERT INTO "schema_migrations" (version) VALUES (20170711160807)[0m
  [1m[35m (13.8ms)[0m  [1m[35mCREATE TABLE "ar_internal_metadata" ("key" character varying NOT NULL PRIMARY KEY, "value" character varying, "created_at" timestamp NOT NULL, "updated_at" timestamp NOT NULL)[0m
  [1m[36mActiveRecord::InternalMetadata Load (1.3ms)[0m  [1m[34mSELECT  "ar_internal_metadata".* FROM "ar_internal_metadata" WHERE "ar_internal_metadata"."key" = $1 LIMIT $2[0m  [["key", "environment"], ["LIMIT", 1]]
  [1m[35m (0.3ms)[0m  [1m[35mBEGIN[0m
  [1m[35mSQL (1.5ms)[0m  [1m[32mINSERT INTO "ar_internal_metadata" ("key", "value", "created_at", "updated_at") VALUES ($1, $2, $3, $4) RETURNING "key"[0m  [["key", "environment"], ["value", "development"], ["created_at", "2020-12-21 19:00:59.008939"], ["updated_at", "2020-12-21 19:00:59.008939"]]
  [1m[35m (0.8ms)[0m  [1m[35mCOMMIT[0m
  [1m[36mActiveRecord::InternalMetadata Load (0.8ms)[0m  [1m[34mSELECT  "ar_internal_metadata".* FROM "ar_internal_metadata" WHERE "ar_internal_metadata"."key" = $1 LIMIT $2[0m  [["key", "environment"], ["LIMIT", 1]]
  [1m[35m (0.4ms)[0m  [1m[35mBEGIN[0m
  [1m[35mSQL (1.3ms)[0m  [1m[33mUPDATE "ar_internal_metadata" SET "value" = $1, "updated_at" = $2 WHERE "ar_internal_metadata"."key" = $3[0m  [["value", "test"], ["updated_at", "2020-12-21 19:00:59.019797"], ["key", "environment"]]
  [1m[35m (0.8ms)[0m  [1m[35mCOMMIT[0m
  [1m[35m (2.7ms)[0m  [1m[34mSELECT "schema_migrations"."version" FROM "schema_migrations" ORDER BY "schema_migrations"."version" ASC[0m
  [1m[35m (0.7ms)[0m  [1m[35mBEGIN[0m
  [1m[36mMovie Load (1.4ms)[0m  [1m[34mSELECT "movies"."id", "movies"."title", "movies"."score" FROM "movies" actors WHERE (actors.name = 'Wesley Snipes')[0m
  [1m[35m (0.3ms)[0m  [1m[31mROLLBACK[0m
  [1m[35m (0.3ms)[0m  [1m[35mBEGIN[0m
  [1m[36mMovie Load (1.0ms)[0m  [1m[34mSELECT "movies"."id", "movies"."title", "movies"."score" FROM "movies" actors WHERE (actors.name = 'Wesley Snipes')[0m
  [1m[35m (0.2ms)[0m  [1m[31mROLLBACK[0m
  [1m[35m (0.9ms)[0m  [1m[34mSELECT "schema_migrations"."version" FROM "schema_migrations" ORDER BY "schema_migrations"."version" ASC[0m
  [1m[35m (0.7ms)[0m  [1m[34mSELECT "schema_migrations"."version" FROM "schema_migrations" ORDER BY "schema_migrations"."version" ASC[0m
  [1m[35m (0.4ms)[0m  [1m[34mSELECT "ar_internal_metadata"."value" FROM "ar_internal_metadata" WHERE "ar_internal_metadata"."key" = $1[0m  [["key", "environment"]]
  [1m[35m (0.3ms)[0m  [1m[34mSELECT "schema_migrations"."version" FROM "schema_migrations" ORDER BY "schema_migrations"."version" ASC[0m
  [1m[35m (0.2ms)[0m  [1m[34mSELECT "ar_internal_metadata"."value" FROM "ar_internal_metadata" WHERE "ar_internal_metadata"."key" = $1[0m  [["key", "environment"]]
  [1m[35m (0.2ms)[0m  [1m[34mSELECT "schema_migrations"."version" FROM "schema_migrations" ORDER BY "schema_migrations"."version" ASC[0m
  [1m[35m (0.1ms)[0m  [1m[34mSELECT "ar_internal_metadata"."value" FROM "ar_internal_metadata" WHERE "ar_internal_metadata"."key" = $1[0m  [["key", "environment"]]
  [1m[35m (34.6ms)[0m  [1m[35mDROP DATABASE IF EXISTS "movie_buff_test"[0m
  [1m[35m (143.8ms)[0m  [1m[35mCREATE DATABASE "movie_buff_test" ENCODING = 'unicode'[0m
  [1m[35mSQL (1.0ms)[0m  [1m[35mCREATE EXTENSION IF NOT EXISTS "plpgsql"[0m
  [1m[35m (0.4ms)[0m  [1m[35mDROP TABLE IF EXISTS "actors" CASCADE[0m
  [1m[35m (13.8ms)[0m  [1m[35mCREATE TABLE "actors" ("id" bigserial primary key, "name" character varying NOT NULL)[0m
  [1m[35m (2.6ms)[0m  [1m[35mCREATE  INDEX  "index_actors_on_name" ON "actors"  ("name")[0m
  [1m[35m (0.4ms)[0m  [1m[35mDROP TABLE IF EXISTS "castings" CASCADE[0m
  [1m[35m (4.4ms)[0m  [1m[35mCREATE TABLE "castings" ("id" bigserial primary key, "actor_id" integer NOT NULL, "movie_id" integer NOT NULL, "ord" integer NOT NULL)[0m
  [1m[35m (2.5ms)[0m  [1m[35mCREATE UNIQUE INDEX  "index_castings_on_actor_id_and_movie_id" ON "castings"  ("actor_id", "movie_id")[0m
  [1m[35m (2.4ms)[0m  [1m[35mCREATE  INDEX  "index_castings_on_actor_id" ON "castings"  ("actor_id")[0m
  [1m[35m (1.8ms)[0m  [1m[35mCREATE  INDEX  "index_castings_on_movie_id" ON "castings"  ("movie_id")[0m
  [1m[35m (0.3ms)[0m  [1m[35mDROP TABLE IF EXISTS "movies" CASCADE[0m
  [1m[35m (6.9ms)[0m  [1m[35mCREATE TABLE "movies" ("id" bigserial primary key, "title" character varying NOT NULL, "yr" integer NOT NULL, "score" float NOT NULL, "votes" integer NOT NULL, "director_id" integer NOT NULL)[0m
  [1m[35m (3.0ms)[0m  [1m[35mCREATE  INDEX  "index_movies_on_director_id" ON "movies"  ("director_id")[0m
  [1m[35m (2.6ms)[0m  [1m[35mCREATE  INDEX  "index_movies_on_title" ON "movies"  ("title")[0m
  [1m[35m (4.6ms)[0m  [1m[35mCREATE TABLE "schema_migrations" ("version" character varying NOT NULL PRIMARY KEY)[0m
  [1m[35m (1.1ms)[0m  [1m[34mSELECT "schema_migrations"."version" FROM "schema_migrations" ORDER BY "schema_migrations"."version" ASC[0m
  [1m[35m (1.0ms)[0m  [1m[32mINSERT INTO "schema_migrations" (version) VALUES (20170711160807)[0m
  [1m[35m (4.8ms)[0m  [1m[35mCREATE TABLE "ar_internal_metadata" ("key" character varying NOT NULL PRIMARY KEY, "value" character varying, "created_at" timestamp NOT NULL, "updated_at" timestamp NOT NULL)[0m
  [1m[36mActiveRecord::InternalMetadata Load (0.6ms)[0m  [1m[34mSELECT  "ar_internal_metadata".* FROM "ar_internal_metadata" WHERE "ar_internal_metadata"."key" = $1 LIMIT $2[0m  [["key", "environment"], ["LIMIT", 1]]
  [1m[35m (0.2ms)[0m  [1m[35mBEGIN[0m
  [1m[35mSQL (1.7ms)[0m  [1m[32mINSERT INTO "ar_internal_metadata" ("key", "value", "created_at", "updated_at") VALUES ($1, $2, $3, $4) RETURNING "key"[0m  [["key", "environment"], ["value", "development"], ["created_at", "2020-12-21 19:02:03.439704"], ["updated_at", "2020-12-21 19:02:03.439704"]]
  [1m[35m (0.6ms)[0m  [1m[35mCOMMIT[0m
  [1m[36mActiveRecord::InternalMetadata Load (0.7ms)[0m  [1m[34mSELECT  "ar_internal_metadata".* FROM "ar_internal_metadata" WHERE "ar_internal_metadata"."key" = $1 LIMIT $2[0m  [["key", "environment"], ["LIMIT", 1]]
  [1m[35m (0.4ms)[0m  [1m[35mBEGIN[0m
  [1m[35mSQL (1.0ms)[0m  [1m[33mUPDATE "ar_internal_metadata" SET "value" = $1, "updated_at" = $2 WHERE "ar_internal_metadata"."key" = $3[0m  [["value", "test"], ["updated_at", "2020-12-21 19:02:03.449067"], ["key", "environment"]]
  [1m[35m (0.6ms)[0m  [1m[35mCOMMIT[0m
  [1m[35m (2.0ms)[0m  [1m[34mSELECT "schema_migrations"."version" FROM "schema_migrations" ORDER BY "schema_migrations"."version" ASC[0m
  [1m[35m (0.2ms)[0m  [1m[35mBEGIN[0m
  [1m[36mMovie Load (4.6ms)[0m  [1m[34mSELECT "movies"."id", "movies"."title", "movies"."score" FROM "movies" INNER JOIN "castings" ON "castings"."movie_id" = "movies"."id" INNER JOIN "actors" ON "actors"."id" = "castings"."actor_id" WHERE (actors.name = 'Wesley Snipes')[0m
  [1m[35m (0.3ms)[0m  [1m[31mROLLBACK[0m
  [1m[35m (0.1ms)[0m  [1m[35mBEGIN[0m
  [1m[36mMovie Load (1.2ms)[0m  [1m[34mSELECT "movies"."id", "movies"."title", "movies"."score" FROM "movies" INNER JOIN "castings" ON "castings"."movie_id" = "movies"."id" INNER JOIN "actors" ON "actors"."id" = "castings"."actor_id" WHERE (actors.name = 'Wesley Snipes')[0m
  [1m[35m (0.2ms)[0m  [1m[31mROLLBACK[0m
  [1m[35m (0.7ms)[0m  [1m[34mSELECT "schema_migrations"."version" FROM "schema_migrations" ORDER BY "schema_migrations"."version" ASC[0m
  [1m[35m (0.7ms)[0m  [1m[34mSELECT "schema_migrations"."version" FROM "schema_migrations" ORDER BY "schema_migrations"."version" ASC[0m
  [1m[35m (0.3ms)[0m  [1m[34mSELECT "ar_internal_metadata"."value" FROM "ar_internal_metadata" WHERE "ar_internal_metadata"."key" = $1[0m  [["key", "environment"]]
  [1m[35m (0.2ms)[0m  [1m[34mSELECT "schema_migrations"."version" FROM "schema_migrations" ORDER BY "schema_migrations"."version" ASC[0m
  [1m[35m (0.1ms)[0m  [1m[34mSELECT "ar_internal_metadata"."value" FROM "ar_internal_metadata" WHERE "ar_internal_metadata"."key" = $1[0m  [["key", "environment"]]
  [1m[35m (0.2ms)[0m  [1m[34mSELECT "schema_migrations"."version" FROM "schema_migrations" ORDER BY "schema_migrations"."version" ASC[0m
  [1m[35m (0.1ms)[0m  [1m[34mSELECT "ar_internal_metadata"."value" FROM "ar_internal_metadata" WHERE "ar_internal_metadata"."key" = $1[0m  [["key", "environment"]]
  [1m[35m (33.9ms)[0m  [1m[35mDROP DATABASE IF EXISTS "movie_buff_test"[0m
  [1m[35m (109.9ms)[0m  [1m[35mCREATE DATABASE "movie_buff_test" ENCODING = 'unicode'[0m
  [1m[35mSQL (1.1ms)[0m  [1m[35mCREATE EXTENSION IF NOT EXISTS "plpgsql"[0m
  [1m[35m (1.0ms)[0m  [1m[35mDROP TABLE IF EXISTS "actors" CASCADE[0m
  [1m[35m (19.5ms)[0m  [1m[35mCREATE TABLE "actors" ("id" bigserial primary key, "name" character varying NOT NULL)[0m
  [1m[35m (2.7ms)[0m  [1m[35mCREATE  INDEX  "index_actors_on_name" ON "actors"  ("name")[0m
  [1m[35m (0.3ms)[0m  [1m[35mDROP TABLE IF EXISTS "castings" CASCADE[0m
  [1m[35m (4.5ms)[0m  [1m[35mCREATE TABLE "castings" ("id" bigserial primary key, "actor_id" integer NOT NULL, "movie_id" integer NOT NULL, "ord" integer NOT NULL)[0m
  [1m[35m (4.7ms)[0m  [1m[35mCREATE UNIQUE INDEX  "index_castings_on_actor_id_and_movie_id" ON "castings"  ("actor_id", "movie_id")[0m
  [1m[35m (4.9ms)[0m  [1m[35mCREATE  INDEX  "index_castings_on_actor_id" ON "castings"  ("actor_id")[0m
  [1m[35m (4.4ms)[0m  [1m[35mCREATE  INDEX  "index_castings_on_movie_id" ON "castings"  ("movie_id")[0m
  [1m[35m (0.7ms)[0m  [1m[35mDROP TABLE IF EXISTS "movies" CASCADE[0m
  [1m[35m (13.4ms)[0m  [1m[35mCREATE TABLE "movies" ("id" bigserial primary key, "title" character varying NOT NULL, "yr" integer NOT NULL, "score" float NOT NULL, "votes" integer NOT NULL, "director_id" integer NOT NULL)[0m
  [1m[35m (4.9ms)[0m  [1m[35mCREATE  INDEX  "index_movies_on_director_id" ON "movies"  ("director_id")[0m
  [1m[35m (3.9ms)[0m  [1m[35mCREATE  INDEX  "index_movies_on_title" ON "movies"  ("title")[0m
  [1m[35m (12.7ms)[0m  [1m[35mCREATE TABLE "schema_migrations" ("version" character varying NOT NULL PRIMARY KEY)[0m
  [1m[35m (3.4ms)[0m  [1m[34mSELECT "schema_migrations"."version" FROM "schema_migrations" ORDER BY "schema_migrations"."version" ASC[0m
  [1m[35m (2.2ms)[0m  [1m[32mINSERT INTO "schema_migrations" (version) VALUES (20170711160807)[0m
  [1m[35m (12.7ms)[0m  [1m[35mCREATE TABLE "ar_internal_metadata" ("key" character varying NOT NULL PRIMARY KEY, "value" character varying, "created_at" timestamp NOT NULL, "updated_at" timestamp NOT NULL)[0m
  [1m[36mActiveRecord::InternalMetadata Load (1.8ms)[0m  [1m[34mSELECT  "ar_internal_metadata".* FROM "ar_internal_metadata" WHERE "ar_internal_metadata"."key" = $1 LIMIT $2[0m  [["key", "environment"], ["LIMIT", 1]]
  [1m[35m (0.4ms)[0m  [1m[35mBEGIN[0m
  [1m[35mSQL (1.9ms)[0m  [1m[32mINSERT INTO "ar_internal_metadata" ("key", "value", "created_at", "updated_at") VALUES ($1, $2, $3, $4) RETURNING "key"[0m  [["key", "environment"], ["value", "development"], ["created_at", "2020-12-21 19:03:14.212005"], ["updated_at", "2020-12-21 19:03:14.212005"]]
  [1m[35m (1.0ms)[0m  [1m[35mCOMMIT[0m
  [1m[36mActiveRecord::InternalMetadata Load (1.1ms)[0m  [1m[34mSELECT  "ar_internal_metadata".* FROM "ar_internal_metadata" WHERE "ar_internal_metadata"."key" = $1 LIMIT $2[0m  [["key", "environment"], ["LIMIT", 1]]
  [1m[35m (0.6ms)[0m  [1m[35mBEGIN[0m
  [1m[35mSQL (1.2ms)[0m  [1m[33mUPDATE "ar_internal_metadata" SET "value" = $1, "updated_at" = $2 WHERE "ar_internal_metadata"."key" = $3[0m  [["value", "test"], ["updated_at", "2020-12-21 19:03:14.230572"], ["key", "environment"]]
  [1m[35m (1.1ms)[0m  [1m[35mCOMMIT[0m
  [1m[35m (1.3ms)[0m  [1m[34mSELECT "schema_migrations"."version" FROM "schema_migrations" ORDER BY "schema_migrations"."version" ASC[0m
  [1m[35m (0.2ms)[0m  [1m[35mBEGIN[0m
  [1m[36mMovie Load (4.5ms)[0m  [1m[34mSELECT "movies"."id", "movies"."title", "movies"."yr" FROM "movies" INNER JOIN "castings" ON "castings"."movie_id" = "movies"."id" INNER JOIN "actors" ON "actors"."id" = "castings"."actor_id" WHERE (actors.name = 'Meg Ryan') ORDER BY yr ASC[0m
  [1m[35m (0.3ms)[0m  [1m[31mROLLBACK[0m
  [1m[35m (0.1ms)[0m  [1m[35mBEGIN[0m
  [1m[36mMovie Load (1.1ms)[0m  [1m[34mSELECT "movies"."id", "movies"."title", "movies"."yr" FROM "movies" INNER JOIN "castings" ON "castings"."movie_id" = "movies"."id" INNER JOIN "actors" ON "actors"."id" = "castings"."actor_id" WHERE (actors.name = 'Meg Ryan') ORDER BY yr ASC[0m
  [1m[35m (0.2ms)[0m  [1m[31mROLLBACK[0m
  [1m[35m (1.0ms)[0m  [1m[34mSELECT "schema_migrations"."version" FROM "schema_migrations" ORDER BY "schema_migrations"."version" ASC[0m
  [1m[35m (0.7ms)[0m  [1m[34mSELECT "schema_migrations"."version" FROM "schema_migrations" ORDER BY "schema_migrations"."version" ASC[0m
  [1m[35m (0.3ms)[0m  [1m[34mSELECT "ar_internal_metadata"."value" FROM "ar_internal_metadata" WHERE "ar_internal_metadata"."key" = $1[0m  [["key", "environment"]]
  [1m[35m (0.2ms)[0m  [1m[34mSELECT "schema_migrations"."version" FROM "schema_migrations" ORDER BY "schema_migrations"."version" ASC[0m
  [1m[35m (0.2ms)[0m  [1m[34mSELECT "ar_internal_metadata"."value" FROM "ar_internal_metadata" WHERE "ar_internal_metadata"."key" = $1[0m  [["key", "environment"]]
  [1m[35m (0.2ms)[0m  [1m[34mSELECT "schema_migrations"."version" FROM "schema_migrations" ORDER BY "schema_migrations"."version" ASC[0m
  [1m[35m (0.1ms)[0m  [1m[34mSELECT "ar_internal_metadata"."value" FROM "ar_internal_metadata" WHERE "ar_internal_metadata"."key" = $1[0m  [["key", "environment"]]
  [1m[35m (34.1ms)[0m  [1m[35mDROP DATABASE IF EXISTS "movie_buff_test"[0m
  [1m[35m (89.1ms)[0m  [1m[35mCREATE DATABASE "movie_buff_test" ENCODING = 'unicode'[0m
  [1m[35mSQL (0.7ms)[0m  [1m[35mCREATE EXTENSION IF NOT EXISTS "plpgsql"[0m
  [1m[35m (0.4ms)[0m  [1m[35mDROP TABLE IF EXISTS "actors" CASCADE[0m
  [1m[35m (17.0ms)[0m  [1m[35mCREATE TABLE "actors" ("id" bigserial primary key, "name" character varying NOT NULL)[0m
  [1m[35m (4.2ms)[0m  [1m[35mCREATE  INDEX  "index_actors_on_name" ON "actors"  ("name")[0m
  [1m[35m (0.3ms)[0m  [1m[35mDROP TABLE IF EXISTS "castings" CASCADE[0m
  [1m[35m (3.9ms)[0m  [1m[35mCREATE TABLE "castings" ("id" bigserial primary key, "actor_id" integer NOT NULL, "movie_id" integer NOT NULL, "ord" integer NOT NULL)[0m
  [1m[35m (2.1ms)[0m  [1m[35mCREATE UNIQUE INDEX  "index_castings_on_actor_id_and_movie_id" ON "castings"  ("actor_id", "movie_id")[0m
  [1m[35m (1.7ms)[0m  [1m[35mCREATE  INDEX  "index_castings_on_actor_id" ON "castings"  ("actor_id")[0m
  [1m[35m (4.6ms)[0m  [1m[35mCREATE  INDEX  "index_castings_on_movie_id" ON "castings"  ("movie_id")[0m
  [1m[35m (0.4ms)[0m  [1m[35mDROP TABLE IF EXISTS "movies" CASCADE[0m
  [1m[35m (16.8ms)[0m  [1m[35mCREATE TABLE "movies" ("id" bigserial primary key, "title" character varying NOT NULL, "yr" integer NOT NULL, "score" float NOT NULL, "votes" integer NOT NULL, "director_id" integer NOT NULL)[0m
  [1m[35m (5.0ms)[0m  [1m[35mCREATE  INDEX  "index_movies_on_director_id" ON "movies"  ("director_id")[0m
  [1m[35m (4.8ms)[0m  [1m[35mCREATE  INDEX  "index_movies_on_title" ON "movies"  ("title")[0m
  [1m[35m (11.5ms)[0m  [1m[35mCREATE TABLE "schema_migrations" ("version" character varying NOT NULL PRIMARY KEY)[0m
  [1m[35m (2.1ms)[0m  [1m[34mSELECT "schema_migrations"."version" FROM "schema_migrations" ORDER BY "schema_migrations"."version" ASC[0m
  [1m[35m (2.3ms)[0m  [1m[32mINSERT INTO "schema_migrations" (version) VALUES (20170711160807)[0m
  [1m[35m (6.8ms)[0m  [1m[35mCREATE TABLE "ar_internal_metadata" ("key" character varying NOT NULL PRIMARY KEY, "value" character varying, "created_at" timestamp NOT NULL, "updated_at" timestamp NOT NULL)[0m
  [1m[36mActiveRecord::InternalMetadata Load (1.1ms)[0m  [1m[34mSELECT  "ar_internal_metadata".* FROM "ar_internal_metadata" WHERE "ar_internal_metadata"."key" = $1 LIMIT $2[0m  [["key", "environment"], ["LIMIT", 1]]
  [1m[35m (0.6ms)[0m  [1m[35mBEGIN[0m
  [1m[35mSQL (1.9ms)[0m  [1m[32mINSERT INTO "ar_internal_metadata" ("key", "value", "created_at", "updated_at") VALUES ($1, $2, $3, $4) RETURNING "key"[0m  [["key", "environment"], ["value", "development"], ["created_at", "2020-12-21 19:04:47.954016"], ["updated_at", "2020-12-21 19:04:47.954016"]]
  [1m[35m (0.9ms)[0m  [1m[35mCOMMIT[0m
  [1m[36mActiveRecord::InternalMetadata Load (0.9ms)[0m  [1m[34mSELECT  "ar_internal_metadata".* FROM "ar_internal_metadata" WHERE "ar_internal_metadata"."key" = $1 LIMIT $2[0m  [["key", "environment"], ["LIMIT", 1]]
  [1m[35m (0.3ms)[0m  [1m[35mBEGIN[0m
  [1m[35mSQL (1.6ms)[0m  [1m[33mUPDATE "ar_internal_metadata" SET "value" = $1, "updated_at" = $2 WHERE "ar_internal_metadata"."key" = $3[0m  [["value", "test"], ["updated_at", "2020-12-21 19:04:47.966980"], ["key", "environment"]]
  [1m[35m (0.7ms)[0m  [1m[35mCOMMIT[0m
  [1m[35m (5.0ms)[0m  [1m[34mSELECT "schema_migrations"."version" FROM "schema_migrations" ORDER BY "schema_migrations"."version" ASC[0m
  [1m[35m (0.5ms)[0m  [1m[35mBEGIN[0m
  [1m[36mMovie Load (3.0ms)[0m  [1m[34mSELECT "movies"."id", "movies"."title" FROM "movies" INNER JOIN "castings" ON "castings"."movie_id" = "movies"."id" INNER JOIN "actors" ON "actors"."id" = "castings"."actor_id" WHERE (actors.name = 'Susan Sarandon') AND (castings.ord != 1)[0m
  [1m[35m (0.2ms)[0m  [1m[31mROLLBACK[0m
  [1m[35m (0.1ms)[0m  [1m[35mBEGIN[0m
  [1m[36mMovie Load (1.2ms)[0m  [1m[34mSELECT "movies"."id", "movies"."title" FROM "movies" INNER JOIN "castings" ON "castings"."movie_id" = "movies"."id" INNER JOIN "actors" ON "actors"."id" = "castings"."actor_id" WHERE (actors.name = 'Susan Sarandon') AND (castings.ord != 1)[0m
  [1m[35m (0.1ms)[0m  [1m[31mROLLBACK[0m
  [1m[35m (0.7ms)[0m  [1m[34mSELECT "schema_migrations"."version" FROM "schema_migrations" ORDER BY "schema_migrations"."version" ASC[0m
  [1m[35m (0.7ms)[0m  [1m[34mSELECT "schema_migrations"."version" FROM "schema_migrations" ORDER BY "schema_migrations"."version" ASC[0m
  [1m[35m (0.3ms)[0m  [1m[34mSELECT "ar_internal_metadata"."value" FROM "ar_internal_metadata" WHERE "ar_internal_metadata"."key" = $1[0m  [["key", "environment"]]
  [1m[35m (0.2ms)[0m  [1m[34mSELECT "schema_migrations"."version" FROM "schema_migrations" ORDER BY "schema_migrations"."version" ASC[0m
  [1m[35m (0.1ms)[0m  [1m[34mSELECT "ar_internal_metadata"."value" FROM "ar_internal_metadata" WHERE "ar_internal_metadata"."key" = $1[0m  [["key", "environment"]]
  [1m[35m (0.2ms)[0m  [1m[34mSELECT "schema_migrations"."version" FROM "schema_migrations" ORDER BY "schema_migrations"."version" ASC[0m
  [1m[35m (0.3ms)[0m  [1m[34mSELECT "ar_internal_metadata"."value" FROM "ar_internal_metadata" WHERE "ar_internal_metadata"."key" = $1[0m  [["key", "environment"]]
  [1m[35m (36.2ms)[0m  [1m[35mDROP DATABASE IF EXISTS "movie_buff_test"[0m
  [1m[35m (111.8ms)[0m  [1m[35mCREATE DATABASE "movie_buff_test" ENCODING = 'unicode'[0m
  [1m[35mSQL (1.1ms)[0m  [1m[35mCREATE EXTENSION IF NOT EXISTS "plpgsql"[0m
  [1m[35m (0.8ms)[0m  [1m[35mDROP TABLE IF EXISTS "actors" CASCADE[0m
  [1m[35m (22.0ms)[0m  [1m[35mCREATE TABLE "actors" ("id" bigserial primary key, "name" character varying NOT NULL)[0m
  [1m[35m (3.0ms)[0m  [1m[35mCREATE  INDEX  "index_actors_on_name" ON "actors"  ("name")[0m
  [1m[35m (0.8ms)[0m  [1m[35mDROP TABLE IF EXISTS "castings" CASCADE[0m
  [1m[35m (19.6ms)[0m  [1m[35mCREATE TABLE "castings" ("id" bigserial primary key, "actor_id" integer NOT NULL, "movie_id" integer NOT NULL, "ord" integer NOT NULL)[0m
  [1m[35m (3.0ms)[0m  [1m[35mCREATE UNIQUE INDEX  "index_castings_on_actor_id_and_movie_id" ON "castings"  ("actor_id", "movie_id")[0m
  [1m[35m (2.6ms)[0m  [1m[35mCREATE  INDEX  "index_castings_on_actor_id" ON "castings"  ("actor_id")[0m
  [1m[35m (2.5ms)[0m  [1m[35mCREATE  INDEX  "index_castings_on_movie_id" ON "castings"  ("movie_id")[0m
  [1m[35m (0.5ms)[0m  [1m[35mDROP TABLE IF EXISTS "movies" CASCADE[0m
  [1m[35m (12.8ms)[0m  [1m[35mCREATE TABLE "movies" ("id" bigserial primary key, "title" character varying NOT NULL, "yr" integer NOT NULL, "score" float NOT NULL, "votes" integer NOT NULL, "director_id" integer NOT NULL)[0m
  [1m[35m (2.1ms)[0m  [1m[35mCREATE  INDEX  "index_movies_on_director_id" ON "movies"  ("director_id")[0m
  [1m[35m (2.5ms)[0m  [1m[35mCREATE  INDEX  "index_movies_on_title" ON "movies"  ("title")[0m
  [1m[35m (6.7ms)[0m  [1m[35mCREATE TABLE "schema_migrations" ("version" character varying NOT NULL PRIMARY KEY)[0m
  [1m[35m (1.2ms)[0m  [1m[34mSELECT "schema_migrations"."version" FROM "schema_migrations" ORDER BY "schema_migrations"."version" ASC[0m
  [1m[35m (1.8ms)[0m  [1m[32mINSERT INTO "schema_migrations" (version) VALUES (20170711160807)[0m
  [1m[35m (7.0ms)[0m  [1m[35mCREATE TABLE "ar_internal_metadata" ("key" character varying NOT NULL PRIMARY KEY, "value" character varying, "created_at" timestamp NOT NULL, "updated_at" timestamp NOT NULL)[0m
  [1m[36mActiveRecord::InternalMetadata Load (1.6ms)[0m  [1m[34mSELECT  "ar_internal_metadata".* FROM "ar_internal_metadata" WHERE "ar_internal_metadata"."key" = $1 LIMIT $2[0m  [["key", "environment"], ["LIMIT", 1]]
  [1m[35m (0.5ms)[0m  [1m[35mBEGIN[0m
  [1m[35mSQL (1.7ms)[0m  [1m[32mINSERT INTO "ar_internal_metadata" ("key", "value", "created_at", "updated_at") VALUES ($1, $2, $3, $4) RETURNING "key"[0m  [["key", "environment"], ["value", "development"], ["created_at", "2020-12-21 19:06:36.603638"], ["updated_at", "2020-12-21 19:06:36.603638"]]
  [1m[35m (0.8ms)[0m  [1m[35mCOMMIT[0m
  [1m[36mActiveRecord::InternalMetadata Load (0.7ms)[0m  [1m[34mSELECT  "ar_internal_metadata".* FROM "ar_internal_metadata" WHERE "ar_internal_metadata"."key" = $1 LIMIT $2[0m  [["key", "environment"], ["LIMIT", 1]]
  [1m[35m (0.3ms)[0m  [1m[35mBEGIN[0m
  [1m[35mSQL (1.3ms)[0m  [1m[33mUPDATE "ar_internal_metadata" SET "value" = $1, "updated_at" = $2 WHERE "ar_internal_metadata"."key" = $3[0m  [["value", "test"], ["updated_at", "2020-12-21 19:06:36.615107"], ["key", "environment"]]
  [1m[35m (0.8ms)[0m  [1m[35mCOMMIT[0m
  [1m[35m (2.5ms)[0m  [1m[34mSELECT "schema_migrations"."version" FROM "schema_migrations" ORDER BY "schema_migrations"."version" ASC[0m
  [1m[35m (0.5ms)[0m  [1m[35mBEGIN[0m
  [1m[36mMovie Load (23.5ms)[0m  [1m[34mSELECT  "movies"."id", "movies"."title" FROM "movies" INNER JOIN "castings" ON "castings"."movie_id" = "movies"."id" INNER JOIN "actors" ON "actors"."id" = "castings"."actor_id" GROUP BY "movies"."id" ORDER BY COUNT(actors.id) DESC LIMIT $1[0m  [["LIMIT", 3]]
  [1m[35m (0.3ms)[0m  [1m[31mROLLBACK[0m
  [1m[35m (0.1ms)[0m  [1m[35mBEGIN[0m
  [1m[36mMovie Load (27.0ms)[0m  [1m[34mSELECT  "movies"."id", "movies"."title" FROM "movies" INNER JOIN "castings" ON "castings"."movie_id" = "movies"."id" INNER JOIN "actors" ON "actors"."id" = "castings"."actor_id" GROUP BY "movies"."id" ORDER BY COUNT(actors.id) DESC LIMIT $1[0m  [["LIMIT", 3]]
  [1m[35m (0.3ms)[0m  [1m[31mROLLBACK[0m
  [1m[35m (0.8ms)[0m  [1m[34mSELECT "schema_migrations"."version" FROM "schema_migrations" ORDER BY "schema_migrations"."version" ASC[0m
  [1m[35m (2.6ms)[0m  [1m[34mSELECT "schema_migrations"."version" FROM "schema_migrations" ORDER BY "schema_migrations"."version" ASC[0m
  [1m[35m (0.8ms)[0m  [1m[34mSELECT "ar_internal_metadata"."value" FROM "ar_internal_metadata" WHERE "ar_internal_metadata"."key" = $1[0m  [["key", "environment"]]
  [1m[35m (0.7ms)[0m  [1m[34mSELECT "schema_migrations"."version" FROM "schema_migrations" ORDER BY "schema_migrations"."version" ASC[0m
  [1m[35m (0.4ms)[0m  [1m[34mSELECT "ar_internal_metadata"."value" FROM "ar_internal_metadata" WHERE "ar_internal_metadata"."key" = $1[0m  [["key", "environment"]]
  [1m[35m (0.4ms)[0m  [1m[34mSELECT "schema_migrations"."version" FROM "schema_migrations" ORDER BY "schema_migrations"."version" ASC[0m
  [1m[35m (0.3ms)[0m  [1m[34mSELECT "ar_internal_metadata"."value" FROM "ar_internal_metadata" WHERE "ar_internal_metadata"."key" = $1[0m  [["key", "environment"]]
  [1m[35m (36.7ms)[0m  [1m[35mDROP DATABASE IF EXISTS "movie_buff_test"[0m
  [1m[35m (89.5ms)[0m  [1m[35mCREATE DATABASE "movie_buff_test" ENCODING = 'unicode'[0m
  [1m[35mSQL (1.8ms)[0m  [1m[35mCREATE EXTENSION IF NOT EXISTS "plpgsql"[0m
  [1m[35m (0.6ms)[0m  [1m[35mDROP TABLE IF EXISTS "actors" CASCADE[0m
  [1m[35m (12.4ms)[0m  [1m[35mCREATE TABLE "actors" ("id" bigserial primary key, "name" character varying NOT NULL)[0m
  [1m[35m (2.6ms)[0m  [1m[35mCREATE  INDEX  "index_actors_on_name" ON "actors"  ("name")[0m
  [1m[35m (0.6ms)[0m  [1m[35mDROP TABLE IF EXISTS "castings" CASCADE[0m
  [1m[35m (7.0ms)[0m  [1m[35mCREATE TABLE "castings" ("id" bigserial primary key, "actor_id" integer NOT NULL, "movie_id" integer NOT NULL, "ord" integer NOT NULL)[0m
  [1m[35m (4.3ms)[0m  [1m[35mCREATE UNIQUE INDEX  "index_castings_on_actor_id_and_movie_id" ON "castings"  ("actor_id", "movie_id")[0m
  [1m[35m (2.4ms)[0m  [1m[35mCREATE  INDEX  "index_castings_on_actor_id" ON "castings"  ("actor_id")[0m
  [1m[35m (3.1ms)[0m  [1m[35mCREATE  INDEX  "index_castings_on_movie_id" ON "castings"  ("movie_id")[0m
  [1m[35m (0.6ms)[0m  [1m[35mDROP TABLE IF EXISTS "movies" CASCADE[0m
  [1m[35m (6.5ms)[0m  [1m[35mCREATE TABLE "movies" ("id" bigserial primary key, "title" character varying NOT NULL, "yr" integer NOT NULL, "score" float NOT NULL, "votes" integer NOT NULL, "director_id" integer NOT NULL)[0m
  [1m[35m (2.0ms)[0m  [1m[35mCREATE  INDEX  "index_movies_on_director_id" ON "movies"  ("director_id")[0m
  [1m[35m (2.2ms)[0m  [1m[35mCREATE  INDEX  "index_movies_on_title" ON "movies"  ("title")[0m
  [1m[35m (5.1ms)[0m  [1m[35mCREATE TABLE "schema_migrations" ("version" character varying NOT NULL PRIMARY KEY)[0m
  [1m[35m (1.2ms)[0m  [1m[34mSELECT "schema_migrations"."version" FROM "schema_migrations" ORDER BY "schema_migrations"."version" ASC[0m
  [1m[35m (0.9ms)[0m  [1m[32mINSERT INTO "schema_migrations" (version) VALUES (20170711160807)[0m
  [1m[35m (5.3ms)[0m  [1m[35mCREATE TABLE "ar_internal_metadata" ("key" character varying NOT NULL PRIMARY KEY, "value" character varying, "created_at" timestamp NOT NULL, "updated_at" timestamp NOT NULL)[0m
  [1m[36mActiveRecord::InternalMetadata Load (0.8ms)[0m  [1m[34mSELECT  "ar_internal_metadata".* FROM "ar_internal_metadata" WHERE "ar_internal_metadata"."key" = $1 LIMIT $2[0m  [["key", "environment"], ["LIMIT", 1]]
  [1m[35m (0.4ms)[0m  [1m[35mBEGIN[0m
  [1m[35mSQL (0.7ms)[0m  [1m[32mINSERT INTO "ar_internal_metadata" ("key", "value", "created_at", "updated_at") VALUES ($1, $2, $3, $4) RETURNING "key"[0m  [["key", "environment"], ["value", "development"], ["created_at", "2020-12-21 19:06:47.164754"], ["updated_at", "2020-12-21 19:06:47.164754"]]
  [1m[35m (0.7ms)[0m  [1m[35mCOMMIT[0m
  [1m[36mActiveRecord::InternalMetadata Load (0.7ms)[0m  [1m[34mSELECT  "ar_internal_metadata".* FROM "ar_internal_metadata" WHERE "ar_internal_metadata"."key" = $1 LIMIT $2[0m  [["key", "environment"], ["LIMIT", 1]]
  [1m[35m (0.4ms)[0m  [1m[35mBEGIN[0m
  [1m[35mSQL (0.5ms)[0m  [1m[33mUPDATE "ar_internal_metadata" SET "value" = $1, "updated_at" = $2 WHERE "ar_internal_metadata"."key" = $3[0m  [["value", "test"], ["updated_at", "2020-12-21 19:06:47.174514"], ["key", "environment"]]
  [1m[35m (0.6ms)[0m  [1m[35mCOMMIT[0m
  [1m[35m (4.6ms)[0m  [1m[34mSELECT "schema_migrations"."version" FROM "schema_migrations" ORDER BY "schema_migrations"."version" ASC[0m
  [1m[35m (0.2ms)[0m  [1m[35mBEGIN[0m
  [1m[36mMovie Load (1.3ms)[0m  [1m[34mSELECT id, title FROM "movies" WHERE (score < 2)[0m
  [1m[35m (0.3ms)[0m  [1m[31mROLLBACK[0m
  [1m[35m (0.2ms)[0m  [1m[35mBEGIN[0m
  [1m[36mMovie Load (0.7ms)[0m  [1m[34mSELECT id, title FROM "movies" WHERE (score < 2)[0m
  [1m[35m (0.2ms)[0m  [1m[31mROLLBACK[0m
  [1m[35m (0.1ms)[0m  [1m[35mBEGIN[0m
  [1m[36mMovie Load (2.3ms)[0m  [1m[34mSELECT "movies"."id", "movies"."title", "movies"."score" FROM "movies" INNER JOIN "castings" ON "castings"."movie_id" = "movies"."id" INNER JOIN "actors" ON "actors"."id" = "castings"."actor_id" WHERE (actors.name = 'Wesley Snipes')[0m
  [1m[35m (0.2ms)[0m  [1m[31mROLLBACK[0m
  [1m[35m (0.1ms)[0m  [1m[35mBEGIN[0m
  [1m[36mMovie Load (1.3ms)[0m  [1m[34mSELECT "movies"."id", "movies"."title", "movies"."score" FROM "movies" INNER JOIN "castings" ON "castings"."movie_id" = "movies"."id" INNER JOIN "actors" ON "actors"."id" = "castings"."actor_id" WHERE (actors.name = 'Wesley Snipes')[0m
  [1m[35m (0.2ms)[0m  [1m[31mROLLBACK[0m
  [1m[35m (0.2ms)[0m  [1m[35mBEGIN[0m
  [1m[36mMovie Load (1.2ms)[0m  [1m[34mSELECT "movies"."id", "movies"."title", "movies"."yr" FROM "movies" INNER JOIN "castings" ON "castings"."movie_id" = "movies"."id" INNER JOIN "actors" ON "actors"."id" = "castings"."actor_id" WHERE (actors.name = 'Meg Ryan') ORDER BY yr ASC[0m
  [1m[35m (0.3ms)[0m  [1m[31mROLLBACK[0m
  [1m[35m (0.1ms)[0m  [1m[35mBEGIN[0m
  [1m[36mMovie Load (1.4ms)[0m  [1m[34mSELECT "movies"."id", "movies"."title", "movies"."yr" FROM "movies" INNER JOIN "castings" ON "castings"."movie_id" = "movies"."id" INNER JOIN "actors" ON "actors"."id" = "castings"."actor_id" WHERE (actors.name = 'Meg Ryan') ORDER BY yr ASC[0m
  [1m[35m (0.2ms)[0m  [1m[31mROLLBACK[0m
  [1m[35m (0.2ms)[0m  [1m[35mBEGIN[0m
  [1m[36mMovie Load (1.3ms)[0m  [1m[34mSELECT "movies"."id", "movies"."title" FROM "movies" INNER JOIN "castings" ON "castings"."movie_id" = "movies"."id" INNER JOIN "actors" ON "actors"."id" = "castings"."actor_id" WHERE (actors.name = 'Susan Sarandon') AND (castings.ord != 1)[0m
  [1m[35m (0.2ms)[0m  [1m[31mROLLBACK[0m
  [1m[35m (0.1ms)[0m  [1m[35mBEGIN[0m
  [1m[36mMovie Load (1.5ms)[0m  [1m[34mSELECT "movies"."id", "movies"."title" FROM "movies" INNER JOIN "castings" ON "castings"."movie_id" = "movies"."id" INNER JOIN "actors" ON "actors"."id" = "castings"."actor_id" WHERE (actors.name = 'Susan Sarandon') AND (castings.ord != 1)[0m
  [1m[35m (0.2ms)[0m  [1m[31mROLLBACK[0m
  [1m[35m (0.1ms)[0m  [1m[35mBEGIN[0m
  [1m[36mMovie Load (29.4ms)[0m  [1m[34mSELECT  "movies"."id", "movies"."title" FROM "movies" INNER JOIN "castings" ON "castings"."movie_id" = "movies"."id" INNER JOIN "actors" ON "actors"."id" = "castings"."actor_id" GROUP BY "movies"."id" ORDER BY COUNT(actors.id) DESC LIMIT $1[0m  [["LIMIT", 3]]
  [1m[35m (0.3ms)[0m  [1m[31mROLLBACK[0m
  [1m[35m (0.1ms)[0m  [1m[35mBEGIN[0m
  [1m[36mMovie Load (23.3ms)[0m  [1m[34mSELECT  "movies"."id", "movies"."title" FROM "movies" INNER JOIN "castings" ON "castings"."movie_id" = "movies"."id" INNER JOIN "actors" ON "actors"."id" = "castings"."actor_id" GROUP BY "movies"."id" ORDER BY COUNT(actors.id) DESC LIMIT $1[0m  [["LIMIT", 3]]
  [1m[35m (0.2ms)[0m  [1m[31mROLLBACK[0m
